<?xml version="1.0" encoding="UTF-8"?>
<robot generator="Robot 7.3.2 (Python 3.9.6 on darwin)" generated="2025-10-15T17:05:14.681896" rpa="false" schemaversion="5">
<suite id="s1" name="CreateUser" source="/Users/apple/Downloads/School/PycharmProjects/PandaPay/Tests/Authen/User/CreateUser.robot">
<test id="s1-t1" name="Check validation min UserID error on Create User Page" line="29">
<kw name="Given Open Browser To Create User Page">
<kw name="Basic Setup" owner="Common">
<kw name="Evaluate" owner="BuiltIn">
<msg time="2025-10-15T17:05:15.060965" level="INFO">${options} = &lt;selenium.webdriver.chrome.options.Options object at 0x10517b8e0&gt;</msg>
<var>${options}</var>
<arg>sys.modules['selenium.webdriver'].ChromeOptions()</arg>
<arg>sys</arg>
<doc>Evaluates the given expression in Python and returns the result.</doc>
<status status="PASS" start="2025-10-15T17:05:15.060724" elapsed="0.001391"/>
</kw>
<kw name="Create Dictionary" owner="BuiltIn">
<msg time="2025-10-15T17:05:15.063212" level="INFO">${logging_prefs} = {'performance': 'ALL'}</msg>
<var>${logging_prefs}</var>
<arg>performance=ALL</arg>
<doc>Creates and returns a dictionary based on the given ``items``.</doc>
<status status="PASS" start="2025-10-15T17:05:15.062620" elapsed="0.000687"/>
</kw>
<kw name="Call Method" owner="BuiltIn">
<arg>${options}</arg>
<arg>set_capability</arg>
<arg>goog:loggingPrefs</arg>
<arg>${logging_prefs}</arg>
<doc>Calls the named method of the given object with the provided arguments.</doc>
<status status="PASS" start="2025-10-15T17:05:15.063491" elapsed="0.000489"/>
</kw>
<kw name="Open Browser" owner="SeleniumLibrary">
<msg time="2025-10-15T17:05:15.064784" level="INFO">Opening browser 'Chrome' to base url 'https://app.panda.ennam.vn/'.</msg>
<arg>${BASE_URL}</arg>
<arg>${CHROME_BROWSER}</arg>
<arg>options=${options}</arg>
<doc>Opens a new browser instance to the optional ``url``.</doc>
<status status="PASS" start="2025-10-15T17:05:15.064249" elapsed="1.892042"/>
</kw>
<status status="PASS" start="2025-10-15T17:05:15.059694" elapsed="1.896932"/>
</kw>
<kw name="Restore Browser Session" owner="CreateUserPage">
<kw name="Set Variable" owner="BuiltIn">
<msg time="2025-10-15T17:05:16.957678" level="INFO">${cookies_file} = .session/my_user/cookies.json</msg>
<var>${cookies_file}</var>
<arg>.session/my_user/cookies.json</arg>
<doc>Returns the given values which can then be assigned to a variables.</doc>
<status status="PASS" start="2025-10-15T17:05:16.957450" elapsed="0.000706"/>
</kw>
<kw name="Run Keyword And Return Status" owner="BuiltIn">
<kw name="File Should Exist" owner="OperatingSystem">
<msg time="2025-10-15T17:05:16.960626" level="INFO" html="true">File '&lt;a href="file:///Users/apple/Downloads/School/PycharmProjects/PandaPay/.session/my_user/cookies.json"&gt;/Users/apple/Downloads/School/PycharmProjects/PandaPay/.session/my_user/cookies.json&lt;/a&gt;' exists.</msg>
<arg>${cookies_file}</arg>
<doc>Fails unless the given ``path`` points to an existing file.</doc>
<status status="PASS" start="2025-10-15T17:05:16.958910" elapsed="0.002187"/>
</kw>
<msg time="2025-10-15T17:05:16.961311" level="INFO">${cookies_exist} = True</msg>
<var>${cookies_exist}</var>
<arg>File Should Exist</arg>
<arg>${cookies_file}</arg>
<doc>Runs the given keyword with given arguments and returns the status as a Boolean value.</doc>
<status status="PASS" start="2025-10-15T17:05:16.958330" elapsed="0.003057"/>
</kw>
<if>
<branch type="IF" condition="${cookies_exist}">
<kw name="Get Library Instance" owner="BuiltIn">
<msg time="2025-10-15T17:05:16.962185" level="INFO">${sl} = &lt;SeleniumLibrary.SeleniumLibrary object at 0x104836b80&gt;</msg>
<var>${sl}</var>
<arg>SeleniumLibrary</arg>
<doc>Returns the currently active instance of the specified library.</doc>
<status status="PASS" start="2025-10-15T17:05:16.961892" elapsed="0.000404"/>
</kw>
<kw name="Get File" owner="OperatingSystem">
<msg time="2025-10-15T17:05:16.962781" level="INFO" html="true">Getting file '&lt;a href="file:///Users/apple/Downloads/School/PycharmProjects/PandaPay/.session/my_user/cookies.json"&gt;/Users/apple/Downloads/School/PycharmProjects/PandaPay/.session/my_user/cookies.json&lt;/a&gt;'.</msg>
<msg time="2025-10-15T17:05:16.964417" level="INFO">${cookies_json} = [{"domain": "app.panda.ennam.vn", "httpOnly": false, "name": "refresh_token", "path": "/", "sameSite": "Lax", "secure": false, "value": "eyJhbGciOiJIUzI1NiIsInR5cCI6IkpXVCJ9.eyJ0b2tlbl90eXBlIjoicmVmcm...</msg>
<var>${cookies_json}</var>
<arg>${cookies_file}</arg>
<doc>Returns the contents of a specified file.</doc>
<status status="PASS" start="2025-10-15T17:05:16.962456" elapsed="0.002146"/>
</kw>
<kw name="Evaluate" owner="BuiltIn">
<msg time="2025-10-15T17:05:16.965954" level="INFO">${cookies} = [{'domain': 'app.panda.ennam.vn', 'httpOnly': False, 'name': 'refresh_token', 'path': '/', 'sameSite': 'Lax', 'secure': False, 'value': 'eyJhbGciOiJIUzI1NiIsInR5cCI6IkpXVCJ9.eyJ0b2tlbl90eXBlIjoicmVmcm...</msg>
<var>${cookies}</var>
<arg>json.loads('''${cookies_json}''')</arg>
<arg>modules=json</arg>
<doc>Evaluates the given expression in Python and returns the result.</doc>
<status status="PASS" start="2025-10-15T17:05:16.965062" elapsed="0.001065"/>
</kw>
<for flavor="IN">
<iter>
<kw name="Call Method" owner="BuiltIn">
<arg>${sl.driver}</arg>
<arg>add_cookie</arg>
<arg>${cookie}</arg>
<doc>Calls the named method of the given object with the provided arguments.</doc>
<status status="PASS" start="2025-10-15T17:05:16.968459" elapsed="0.024348"/>
</kw>
<kw name="Reload Page" owner="SeleniumLibrary">
<doc>Simulates user reloading page.</doc>
<status status="PASS" start="2025-10-15T17:05:16.993084" elapsed="0.213171"/>
</kw>
<var name="${cookie}">{'domain': 'app.panda.ennam.vn', 'httpOnly': False, 'name': 'refresh_token', 'path': '/', 'sameSite': 'Lax', 'secure': False, 'value': 'eyJhbGciOiJIUzI1NiIsInR5cCI6IkpXVCJ9.eyJ0b2tlbl90eXBlIjoicmVmcmV...</var>
<status status="PASS" start="2025-10-15T17:05:16.968076" elapsed="0.238371"/>
</iter>
<iter>
<kw name="Call Method" owner="BuiltIn">
<arg>${sl.driver}</arg>
<arg>add_cookie</arg>
<arg>${cookie}</arg>
<doc>Calls the named method of the given object with the provided arguments.</doc>
<status status="PASS" start="2025-10-15T17:05:17.206871" elapsed="0.008246"/>
</kw>
<kw name="Reload Page" owner="SeleniumLibrary">
<doc>Simulates user reloading page.</doc>
<status status="PASS" start="2025-10-15T17:05:17.215371" elapsed="0.588243"/>
</kw>
<var name="${cookie}">{'domain': 'app.panda.ennam.vn', 'httpOnly': False, 'name': 'access_token', 'path': '/', 'sameSite': 'Lax', 'secure': False, 'value': 'eyJhbGciOiJIUzI1NiIsInR5cCI6IkpXVCJ9.eyJ0b2tlbl90eXBlIjoiYWNjZXNz...</var>
<status status="PASS" start="2025-10-15T17:05:17.206642" elapsed="0.597202"/>
</iter>
<iter>
<kw name="Call Method" owner="BuiltIn">
<arg>${sl.driver}</arg>
<arg>add_cookie</arg>
<arg>${cookie}</arg>
<doc>Calls the named method of the given object with the provided arguments.</doc>
<status status="PASS" start="2025-10-15T17:05:17.804423" elapsed="0.017554"/>
</kw>
<kw name="Reload Page" owner="SeleniumLibrary">
<doc>Simulates user reloading page.</doc>
<status status="PASS" start="2025-10-15T17:05:17.822319" elapsed="0.190902"/>
</kw>
<var name="${cookie}">{'domain': 'app.panda.ennam.vn', 'httpOnly': False, 'name': 'NEXT_LOCALE', 'path': '/', 'sameSite': 'Lax', 'secure': False, 'value': 'en'}</var>
<status status="PASS" start="2025-10-15T17:05:17.804111" elapsed="0.209325"/>
</iter>
<var>${cookie}</var>
<value>@{cookies}</value>
<status status="PASS" start="2025-10-15T17:05:16.966441" elapsed="1.047122"/>
</for>
<status status="PASS" start="2025-10-15T17:05:16.961539" elapsed="1.052205"/>
</branch>
<status status="PASS" start="2025-10-15T17:05:16.961498" elapsed="1.052405"/>
</if>
<status status="PASS" start="2025-10-15T17:05:16.957025" elapsed="1.057056"/>
</kw>
<kw name="Click on Element" owner="Common">
<kw name="Wait Until Element Is Visible" owner="SeleniumLibrary">
<arg>${elm_input}</arg>
<arg>10s</arg>
<doc>Waits until the element ``locator`` is visible.</doc>
<status status="PASS" start="2025-10-15T17:05:18.015594" elapsed="0.238002"/>
</kw>
<kw name="Click Element" owner="SeleniumLibrary">
<msg time="2025-10-15T17:05:18.254623" level="INFO">Clicking element 'xpath=//button[normalize-space()='User']'.</msg>
<arg>${elm_input}</arg>
<doc>Click the element identified by ``locator``.</doc>
<status status="PASS" start="2025-10-15T17:05:18.254142" elapsed="0.042379"/>
</kw>
<arg>${Tab_USER_BUTTON}</arg>
<status status="PASS" start="2025-10-15T17:05:18.015017" elapsed="0.281689"/>
</kw>
<kw name="Click on Element" owner="Common">
<kw name="Wait Until Element Is Visible" owner="SeleniumLibrary">
<arg>${elm_input}</arg>
<arg>10s</arg>
<doc>Waits until the element ``locator`` is visible.</doc>
<status status="PASS" start="2025-10-15T17:05:18.297284" elapsed="1.969840"/>
</kw>
<kw name="Click Element" owner="SeleniumLibrary">
<msg time="2025-10-15T17:05:20.267866" level="INFO">Clicking element 'xpath=//button[normalize-space()='Create New User']'.</msg>
<arg>${elm_input}</arg>
<doc>Click the element identified by ``locator``.</doc>
<status status="PASS" start="2025-10-15T17:05:20.267517" elapsed="0.037035"/>
</kw>
<arg>${CREATE_USER_BUTTON}</arg>
<status status="PASS" start="2025-10-15T17:05:18.296920" elapsed="2.007798"/>
</kw>
<status status="PASS" start="2025-10-15T17:05:15.059352" elapsed="5.245448"/>
</kw>
<kw name="When Input User ID" owner="CreateUserPage">
<kw name="Fill Text Input" owner="Common">
<kw name="Wait Until Element Is Visible" owner="SeleniumLibrary">
<arg>${elm_input}</arg>
<arg>10s</arg>
<doc>Waits until the element ``locator`` is visible.</doc>
<status status="PASS" start="2025-10-15T17:05:20.305794" elapsed="0.444268"/>
</kw>
<kw name="Input Text" owner="SeleniumLibrary">
<msg time="2025-10-15T17:05:20.751162" level="INFO">Typing text 'user1' into text field '//*[@name="user_id"]'.</msg>
<arg>${elm_input}</arg>
<arg>${text}</arg>
<doc>Types the given ``text`` into the text field identified by ``locator``.</doc>
<status status="PASS" start="2025-10-15T17:05:20.750561" elapsed="0.122460"/>
</kw>
<arg>${USER_ID_INPUT}</arg>
<arg>${user_id}</arg>
<status status="PASS" start="2025-10-15T17:05:20.305440" elapsed="0.567768"/>
</kw>
<arg>user1</arg>
<status status="PASS" start="2025-10-15T17:05:20.305104" elapsed="0.568199"/>
</kw>
<kw name="And Click on Element" owner="Common">
<kw name="Wait Until Element Is Visible" owner="SeleniumLibrary">
<arg>${elm_input}</arg>
<arg>10s</arg>
<doc>Waits until the element ``locator`` is visible.</doc>
<status status="PASS" start="2025-10-15T17:05:20.874172" elapsed="0.011154"/>
</kw>
<kw name="Click Element" owner="SeleniumLibrary">
<msg time="2025-10-15T17:05:20.885831" level="INFO">Clicking element 'xpath=/html/body/div[1]/div/main/div/div/form/button'.</msg>
<arg>${elm_input}</arg>
<doc>Click the element identified by ``locator``.</doc>
<status status="PASS" start="2025-10-15T17:05:20.885578" elapsed="0.051128"/>
</kw>
<arg>${CREATE_USER_SUBMIT}</arg>
<status status="PASS" start="2025-10-15T17:05:20.873665" elapsed="0.063211"/>
</kw>
<kw name="Then Verify Error Message For Min User ID">
<kw name="Check validation error message" owner="Common">
<kw name="Wait Until Element Is Visible" owner="SeleniumLibrary">
<arg>${Elm_message}</arg>
<arg>15s</arg>
<doc>Waits until the element ``locator`` is visible.</doc>
<status status="PASS" start="2025-10-15T17:05:20.937799" elapsed="0.010336"/>
</kw>
<kw name="Get Text" owner="SeleniumLibrary">
<msg time="2025-10-15T17:05:20.958770" level="INFO">${error_message_invalid} = User ID must be at least 8 characters.</msg>
<var>${error_message_invalid}</var>
<arg>${Elm_message}</arg>
<doc>Returns the text value of the element identified by ``locator``.</doc>
<status status="PASS" start="2025-10-15T17:05:20.948399" elapsed="0.010508"/>
</kw>
<kw name="Should Be Equal As Strings" owner="BuiltIn">
<arg>${error_message_invalid}</arg>
<arg>${Expected_message}</arg>
<arg>Validation text successfully -&gt; Expected: '${Expected_message}', Observed: '${error_message_invalid}'</arg>
<doc>Fails if objects are unequal after converting them to strings.</doc>
<status status="PASS" start="2025-10-15T17:05:20.959100" elapsed="0.000319"/>
</kw>
<kw name="Set Test Message" owner="BuiltIn">
<msg time="2025-10-15T17:05:20.959699" level="INFO">Set test message to:
validation error message with 'User ID must be at least 8 characters.'</msg>
<arg>validation error message with '${error_message_invalid}'</arg>
<doc>Sets message for the current test case.</doc>
<status status="PASS" start="2025-10-15T17:05:20.959550" elapsed="0.000234"/>
</kw>
<arg>xpath=//p[normalize-space(text())='User ID must be at least 8 characters.']</arg>
<arg>User ID must be at least 8 characters.</arg>
<status status="PASS" start="2025-10-15T17:05:20.937474" elapsed="0.022387"/>
</kw>
<status status="PASS" start="2025-10-15T17:05:20.937160" elapsed="0.022770"/>
</kw>
<doc>Verify validation message for UserID less than minimum length on Create User form</doc>
<tag>create_user</tag>
<tag>validation</tag>
<status status="PASS" start="2025-10-15T17:05:15.058718" elapsed="5.901367">validation error message with 'User ID must be at least 8 characters.'</status>
</test>
<test id="s1-t2" name="Check the system not display validation error message for valid UserID on Create User Page" line="45">
<kw name="Given On screen Create User Page">
<kw name="No Operation" owner="BuiltIn">
<doc>Does absolutely nothing.</doc>
<status status="PASS" start="2025-10-15T17:05:20.962108" elapsed="0.000132"/>
</kw>
<status status="PASS" start="2025-10-15T17:05:20.961766" elapsed="0.000566"/>
</kw>
<kw name="When Input User ID" owner="CreateUserPage">
<kw name="Fill Text Input" owner="Common">
<kw name="Wait Until Element Is Visible" owner="SeleniumLibrary">
<arg>${elm_input}</arg>
<arg>10s</arg>
<doc>Waits until the element ``locator`` is visible.</doc>
<status status="PASS" start="2025-10-15T17:05:20.963007" elapsed="0.008870"/>
</kw>
<kw name="Input Text" owner="SeleniumLibrary">
<msg time="2025-10-15T17:05:20.972382" level="INFO">Typing text 'School1234' into text field '//*[@name="user_id"]'.</msg>
<arg>${elm_input}</arg>
<arg>${text}</arg>
<doc>Types the given ``text`` into the text field identified by ``locator``.</doc>
<status status="PASS" start="2025-10-15T17:05:20.972122" elapsed="0.039543"/>
</kw>
<arg>${USER_ID_INPUT}</arg>
<arg>${user_id}</arg>
<status status="PASS" start="2025-10-15T17:05:20.962743" elapsed="0.049092"/>
</kw>
<arg>School1234</arg>
<status status="PASS" start="2025-10-15T17:05:20.962505" elapsed="0.049407"/>
</kw>
<kw name="Then Verify No Error Message For Valid User ID">
<kw name="Page Should Not Contain" owner="SeleniumLibrary">
<msg time="2025-10-15T17:05:21.025965" level="INFO">Current page does not contain text 'xpath=//p[normalize-space(text())='User ID must be at least 8 characters.']'.</msg>
<arg>xpath=//p[normalize-space(text())='User ID must be at least 8 characters.']</arg>
<arg>User ID must be at least 8 characters.</arg>
<doc>Verifies the current page does not contain ``text``.</doc>
<status status="PASS" start="2025-10-15T17:05:21.012399" elapsed="0.013905"/>
</kw>
<status status="PASS" start="2025-10-15T17:05:21.012120" elapsed="0.014311"/>
</kw>
<doc>Verify no validation message for valid UserID on Create User form</doc>
<tag>create_user</tag>
<tag>validation</tag>
<status status="PASS" start="2025-10-15T17:05:20.960744" elapsed="0.065863"/>
</test>
<test id="s1-t3" name="Check validation empty First Name error on Create User Page" line="52">
<kw name="Given On screen Create User Page">
<kw name="No Operation" owner="BuiltIn">
<doc>Does absolutely nothing.</doc>
<status status="PASS" start="2025-10-15T17:05:21.028364" elapsed="0.000191"/>
</kw>
<status status="PASS" start="2025-10-15T17:05:21.027878" elapsed="0.000785"/>
</kw>
<kw name="When Click on Element" owner="Common">
<kw name="Wait Until Element Is Visible" owner="SeleniumLibrary">
<arg>${elm_input}</arg>
<arg>10s</arg>
<doc>Waits until the element ``locator`` is visible.</doc>
<status status="PASS" start="2025-10-15T17:05:21.029118" elapsed="0.008755"/>
</kw>
<kw name="Click Element" owner="SeleniumLibrary">
<msg time="2025-10-15T17:05:21.038325" level="INFO">Clicking element 'xpath=/html/body/div[1]/div/main/div/div/form/button'.</msg>
<arg>${elm_input}</arg>
<doc>Click the element identified by ``locator``.</doc>
<status status="PASS" start="2025-10-15T17:05:21.038100" elapsed="0.073844"/>
</kw>
<arg>${CREATE_USER_SUBMIT}</arg>
<status status="PASS" start="2025-10-15T17:05:21.028843" elapsed="0.083283"/>
</kw>
<kw name="Then Verify Error Message For Empty First Name">
<kw name="Check validation error message" owner="Common">
<kw name="Wait Until Element Is Visible" owner="SeleniumLibrary">
<arg>${Elm_message}</arg>
<arg>15s</arg>
<doc>Waits until the element ``locator`` is visible.</doc>
<status status="PASS" start="2025-10-15T17:05:21.113016" elapsed="0.011040"/>
</kw>
<kw name="Get Text" owner="SeleniumLibrary">
<msg time="2025-10-15T17:05:21.131391" level="INFO">${error_message_invalid} = First name is required.</msg>
<var>${error_message_invalid}</var>
<arg>${Elm_message}</arg>
<doc>Returns the text value of the element identified by ``locator``.</doc>
<status status="PASS" start="2025-10-15T17:05:21.124290" elapsed="0.007230"/>
</kw>
<kw name="Should Be Equal As Strings" owner="BuiltIn">
<arg>${error_message_invalid}</arg>
<arg>${Expected_message}</arg>
<arg>Validation text successfully -&gt; Expected: '${Expected_message}', Observed: '${error_message_invalid}'</arg>
<doc>Fails if objects are unequal after converting them to strings.</doc>
<status status="PASS" start="2025-10-15T17:05:21.131699" elapsed="0.000293"/>
</kw>
<kw name="Set Test Message" owner="BuiltIn">
<msg time="2025-10-15T17:05:21.132259" level="INFO">Set test message to:
validation error message with 'First name is required.'</msg>
<arg>validation error message with '${error_message_invalid}'</arg>
<doc>Sets message for the current test case.</doc>
<status status="PASS" start="2025-10-15T17:05:21.132117" elapsed="0.000223"/>
</kw>
<arg>xpath=//p[normalize-space(text())='First name is required.']</arg>
<arg>First name is required.</arg>
<status status="PASS" start="2025-10-15T17:05:21.112737" elapsed="0.019682"/>
</kw>
<status status="PASS" start="2025-10-15T17:05:21.112401" elapsed="0.020089"/>
</kw>
<doc>Verify validation message for empty First Name on Create User form</doc>
<tag>create_user</tag>
<tag>validation</tag>
<status status="PASS" start="2025-10-15T17:05:21.026909" elapsed="0.105720">validation error message with 'First name is required.'</status>
</test>
<test id="s1-t4" name="Check validation min First Name error on Create User Page" line="59">
<kw name="Given On screen Create User Page">
<kw name="No Operation" owner="BuiltIn">
<doc>Does absolutely nothing.</doc>
<status status="PASS" start="2025-10-15T17:05:21.133627" elapsed="0.000155"/>
</kw>
<status status="PASS" start="2025-10-15T17:05:21.133366" elapsed="0.000504"/>
</kw>
<kw name="When Input First Name" owner="CreateUserPage">
<kw name="Fill Text Input" owner="Common">
<kw name="Wait Until Element Is Visible" owner="SeleniumLibrary">
<arg>${elm_input}</arg>
<arg>10s</arg>
<doc>Waits until the element ``locator`` is visible.</doc>
<status status="PASS" start="2025-10-15T17:05:21.134628" elapsed="0.010123"/>
</kw>
<kw name="Input Text" owner="SeleniumLibrary">
<msg time="2025-10-15T17:05:21.145224" level="INFO">Typing text 'A' into text field '//input[@id='first_name ']'.</msg>
<arg>${elm_input}</arg>
<arg>${text}</arg>
<doc>Types the given ``text`` into the text field identified by ``locator``.</doc>
<status status="PASS" start="2025-10-15T17:05:21.144974" elapsed="0.028267"/>
</kw>
<arg>${FIRST_NAME_INPUT}</arg>
<arg>${first_name}</arg>
<status status="PASS" start="2025-10-15T17:05:21.134355" elapsed="0.039050"/>
</kw>
<arg>A</arg>
<status status="PASS" start="2025-10-15T17:05:21.134090" elapsed="0.039393"/>
</kw>
<kw name="And Click on Element" owner="Common">
<kw name="Wait Until Element Is Visible" owner="SeleniumLibrary">
<arg>${elm_input}</arg>
<arg>10s</arg>
<doc>Waits until the element ``locator`` is visible.</doc>
<status status="PASS" start="2025-10-15T17:05:21.174301" elapsed="0.008898"/>
</kw>
<kw name="Click Element" owner="SeleniumLibrary">
<msg time="2025-10-15T17:05:21.183719" level="INFO">Clicking element 'xpath=/html/body/div[1]/div/main/div/div/form/button'.</msg>
<arg>${elm_input}</arg>
<doc>Click the element identified by ``locator``.</doc>
<status status="PASS" start="2025-10-15T17:05:21.183473" elapsed="0.029087"/>
</kw>
<arg>${CREATE_USER_SUBMIT}</arg>
<status status="PASS" start="2025-10-15T17:05:21.173902" elapsed="0.038821"/>
</kw>
<kw name="Then Verify Error Message For Min First Name">
<kw name="Check validation error message" owner="Common">
<kw name="Wait Until Element Is Visible" owner="SeleniumLibrary">
<arg>${Elm_message}</arg>
<arg>15s</arg>
<doc>Waits until the element ``locator`` is visible.</doc>
<status status="PASS" start="2025-10-15T17:05:21.213469" elapsed="0.019362"/>
</kw>
<kw name="Get Text" owner="SeleniumLibrary">
<msg time="2025-10-15T17:05:21.241062" level="INFO">${error_message_invalid} = First name must be at least 2 characters.</msg>
<var>${error_message_invalid}</var>
<arg>${Elm_message}</arg>
<doc>Returns the text value of the element identified by ``locator``.</doc>
<status status="PASS" start="2025-10-15T17:05:21.233067" elapsed="0.008165"/>
</kw>
<kw name="Should Be Equal As Strings" owner="BuiltIn">
<arg>${error_message_invalid}</arg>
<arg>${Expected_message}</arg>
<arg>Validation text successfully -&gt; Expected: '${Expected_message}', Observed: '${error_message_invalid}'</arg>
<doc>Fails if objects are unequal after converting them to strings.</doc>
<status status="PASS" start="2025-10-15T17:05:21.241460" elapsed="0.000871"/>
</kw>
<kw name="Set Test Message" owner="BuiltIn">
<msg time="2025-10-15T17:05:21.242741" level="INFO">Set test message to:
validation error message with 'First name must be at least 2 characters.'</msg>
<arg>validation error message with '${error_message_invalid}'</arg>
<doc>Sets message for the current test case.</doc>
<status status="PASS" start="2025-10-15T17:05:21.242539" elapsed="0.000318"/>
</kw>
<arg>xpath=//p[normalize-space(text())='First name must be at least 2 characters.']</arg>
<arg>First name must be at least 2 characters.</arg>
<status status="PASS" start="2025-10-15T17:05:21.213207" elapsed="0.029736"/>
</kw>
<status status="PASS" start="2025-10-15T17:05:21.212936" elapsed="0.030085"/>
</kw>
<doc>Verify validation message for First Name less than minimum length on Create User form</doc>
<tag>create_user</tag>
<tag>validation</tag>
<status status="PASS" start="2025-10-15T17:05:21.132882" elapsed="0.110472">validation error message with 'First name must be at least 2 characters.'</status>
</test>
<test id="s1-t5" name="Check validation max First Name error on Create User Page" line="67">
<kw name="Given On screen Create User Page">
<kw name="No Operation" owner="BuiltIn">
<doc>Does absolutely nothing.</doc>
<status status="PASS" start="2025-10-15T17:05:21.245655" elapsed="0.000148"/>
</kw>
<status status="PASS" start="2025-10-15T17:05:21.245310" elapsed="0.000593"/>
</kw>
<kw name="When Input First Name" owner="CreateUserPage">
<kw name="Fill Text Input" owner="Common">
<kw name="Wait Until Element Is Visible" owner="SeleniumLibrary">
<arg>${elm_input}</arg>
<arg>10s</arg>
<doc>Waits until the element ``locator`` is visible.</doc>
<status status="PASS" start="2025-10-15T17:05:21.247108" elapsed="0.011166"/>
</kw>
<kw name="Input Text" owner="SeleniumLibrary">
<msg time="2025-10-15T17:05:21.258753" level="INFO">Typing text 'AAAAAAAAAAAAAAAAAAAAAAAAAAAAAAAAAAAAAAAAAAAAAAAAAAAAAAAAA' into text field '//input[@id='first_name ']'.</msg>
<arg>${elm_input}</arg>
<arg>${text}</arg>
<doc>Types the given ``text`` into the text field identified by ``locator``.</doc>
<status status="PASS" start="2025-10-15T17:05:21.258507" elapsed="0.061271"/>
</kw>
<arg>${FIRST_NAME_INPUT}</arg>
<arg>${first_name}</arg>
<status status="PASS" start="2025-10-15T17:05:21.246677" elapsed="0.073270"/>
</kw>
<arg>AAAAAAAAAAAAAAAAAAAAAAAAAAAAAAAAAAAAAAAAAAAAAAAAAAAAAAAAA</arg>
<status status="PASS" start="2025-10-15T17:05:21.246167" elapsed="0.073858"/>
</kw>
<kw name="And Click on Element" owner="Common">
<kw name="Wait Until Element Is Visible" owner="SeleniumLibrary">
<arg>${elm_input}</arg>
<arg>10s</arg>
<doc>Waits until the element ``locator`` is visible.</doc>
<status status="PASS" start="2025-10-15T17:05:21.321390" elapsed="0.008100"/>
</kw>
<kw name="Click Element" owner="SeleniumLibrary">
<msg time="2025-10-15T17:05:21.330105" level="INFO">Clicking element 'xpath=/html/body/div[1]/div/main/div/div/form/button'.</msg>
<arg>${elm_input}</arg>
<doc>Click the element identified by ``locator``.</doc>
<status status="PASS" start="2025-10-15T17:05:21.329812" elapsed="0.027341"/>
</kw>
<arg>${CREATE_USER_SUBMIT}</arg>
<status status="PASS" start="2025-10-15T17:05:21.320361" elapsed="0.036984"/>
</kw>
<kw name="Then Verify Error Message For Max First Name">
<kw name="Check validation error message" owner="Common">
<kw name="Wait Until Element Is Visible" owner="SeleniumLibrary">
<arg>${Elm_message}</arg>
<arg>15s</arg>
<doc>Waits until the element ``locator`` is visible.</doc>
<status status="PASS" start="2025-10-15T17:05:21.358099" elapsed="0.010918"/>
</kw>
<kw name="Get Text" owner="SeleniumLibrary">
<msg time="2025-10-15T17:05:21.377788" level="INFO">${error_message_invalid} = First name must be at most 50 characters.</msg>
<var>${error_message_invalid}</var>
<arg>${Elm_message}</arg>
<doc>Returns the text value of the element identified by ``locator``.</doc>
<status status="PASS" start="2025-10-15T17:05:21.369259" elapsed="0.008667"/>
</kw>
<kw name="Should Be Equal As Strings" owner="BuiltIn">
<arg>${error_message_invalid}</arg>
<arg>${Expected_message}</arg>
<arg>Validation text successfully -&gt; Expected: '${Expected_message}', Observed: '${error_message_invalid}'</arg>
<doc>Fails if objects are unequal after converting them to strings.</doc>
<status status="PASS" start="2025-10-15T17:05:21.378111" elapsed="0.000284"/>
</kw>
<kw name="Set Test Message" owner="BuiltIn">
<msg time="2025-10-15T17:05:21.378652" level="INFO">Set test message to:
validation error message with 'First name must be at most 50 characters.'</msg>
<arg>validation error message with '${error_message_invalid}'</arg>
<doc>Sets message for the current test case.</doc>
<status status="PASS" start="2025-10-15T17:05:21.378520" elapsed="0.000214"/>
</kw>
<arg>xpath=//p[normalize-space(text())='First name must be at most 50 characters.']</arg>
<arg>First name must be at most 50 characters.</arg>
<status status="PASS" start="2025-10-15T17:05:21.357838" elapsed="0.020974"/>
</kw>
<status status="PASS" start="2025-10-15T17:05:21.357569" elapsed="0.021312"/>
</kw>
<doc>Verify validation message for First Name more than maximum length on Create User form</doc>
<tag>create_user</tag>
<tag>validation</tag>
<status status="PASS" start="2025-10-15T17:05:21.244092" elapsed="0.134969">validation error message with 'First name must be at most 50 characters.'</status>
</test>
<test id="s1-t6" name="Check the system not display validation error message for valid First Name on Create User Page" line="75">
<kw name="Given On screen Create User Page">
<kw name="No Operation" owner="BuiltIn">
<doc>Does absolutely nothing.</doc>
<status status="PASS" start="2025-10-15T17:05:21.380252" elapsed="0.000219"/>
</kw>
<status status="PASS" start="2025-10-15T17:05:21.380011" elapsed="0.000582"/>
</kw>
<kw name="When Input First Name" owner="CreateUserPage">
<kw name="Fill Text Input" owner="Common">
<kw name="Wait Until Element Is Visible" owner="SeleniumLibrary">
<arg>${elm_input}</arg>
<arg>10s</arg>
<doc>Waits until the element ``locator`` is visible.</doc>
<status status="PASS" start="2025-10-15T17:05:21.381355" elapsed="0.009754"/>
</kw>
<kw name="Input Text" owner="SeleniumLibrary">
<msg time="2025-10-15T17:05:21.391597" level="INFO">Typing text 'John' into text field '//input[@id='first_name ']'.</msg>
<arg>${elm_input}</arg>
<arg>${text}</arg>
<doc>Types the given ``text`` into the text field identified by ``locator``.</doc>
<status status="PASS" start="2025-10-15T17:05:21.391346" elapsed="0.036310"/>
</kw>
<arg>${FIRST_NAME_INPUT}</arg>
<arg>${first_name}</arg>
<status status="PASS" start="2025-10-15T17:05:21.381080" elapsed="0.046767"/>
</kw>
<arg>John</arg>
<status status="PASS" start="2025-10-15T17:05:21.380824" elapsed="0.047108"/>
</kw>
<kw name="Then Verify No Error Message For Valid First Name">
<kw name="Page Should Not Contain" owner="SeleniumLibrary">
<msg time="2025-10-15T17:05:21.438777" level="INFO">Current page does not contain text 'xpath=//p[normalize-space(text())='First name must be at most 50 characters.']'.</msg>
<arg>xpath=//p[normalize-space(text())='First name must be at most 50 characters.']</arg>
<arg>First name must be at most 50 characters.</arg>
<doc>Verifies the current page does not contain ``text``.</doc>
<status status="PASS" start="2025-10-15T17:05:21.429121" elapsed="0.009822"/>
</kw>
<status status="PASS" start="2025-10-15T17:05:21.428424" elapsed="0.010632"/>
</kw>
<doc>Verify no validation message for valid First Name on Create User form</doc>
<tag>create_user</tag>
<tag>validation</tag>
<status status="PASS" start="2025-10-15T17:05:21.379484" elapsed="0.059727"/>
</test>
<test id="s1-t7" name="Check validation min Last Name error on Create User Page" line="90">
<kw name="Given On screen Create User Page">
<kw name="No Operation" owner="BuiltIn">
<doc>Does absolutely nothing.</doc>
<status status="PASS" start="2025-10-15T17:05:21.440068" elapsed="0.000110"/>
</kw>
<status status="PASS" start="2025-10-15T17:05:21.439843" elapsed="0.000407"/>
</kw>
<kw name="When Input Last Name" owner="CreateUserPage">
<kw name="Fill Text Input" owner="Common">
<kw name="Wait Until Element Is Visible" owner="SeleniumLibrary">
<arg>${elm_input}</arg>
<arg>10s</arg>
<doc>Waits until the element ``locator`` is visible.</doc>
<status status="PASS" start="2025-10-15T17:05:21.441260" elapsed="0.010717"/>
</kw>
<kw name="Input Text" owner="SeleniumLibrary">
<msg time="2025-10-15T17:05:21.452471" level="INFO">Typing text 'A' into text field '//input[@id='last_name ']'.</msg>
<arg>${elm_input}</arg>
<arg>${text}</arg>
<doc>Types the given ``text`` into the text field identified by ``locator``.</doc>
<status status="PASS" start="2025-10-15T17:05:21.452220" elapsed="0.034238"/>
</kw>
<arg>${LAST_NAME_INPUT}</arg>
<arg>${last_name}</arg>
<status status="PASS" start="2025-10-15T17:05:21.440807" elapsed="0.045824"/>
</kw>
<arg>A</arg>
<status status="PASS" start="2025-10-15T17:05:21.440393" elapsed="0.046316"/>
</kw>
<kw name="And Click on Element" owner="Common">
<kw name="Wait Until Element Is Visible" owner="SeleniumLibrary">
<arg>${elm_input}</arg>
<arg>10s</arg>
<doc>Waits until the element ``locator`` is visible.</doc>
<status status="PASS" start="2025-10-15T17:05:21.487230" elapsed="0.008180"/>
</kw>
<kw name="Click Element" owner="SeleniumLibrary">
<msg time="2025-10-15T17:05:21.495890" level="INFO">Clicking element 'xpath=/html/body/div[1]/div/main/div/div/form/button'.</msg>
<arg>${elm_input}</arg>
<doc>Click the element identified by ``locator``.</doc>
<status status="PASS" start="2025-10-15T17:05:21.495653" elapsed="0.029427"/>
</kw>
<arg>${CREATE_USER_SUBMIT}</arg>
<status status="PASS" start="2025-10-15T17:05:21.486937" elapsed="0.038316"/>
</kw>
<kw name="Then Verify Error Message For Min Last Name">
<kw name="Check validation error message" owner="Common">
<kw name="Wait Until Element Is Visible" owner="SeleniumLibrary">
<arg>${Elm_message}</arg>
<arg>15s</arg>
<doc>Waits until the element ``locator`` is visible.</doc>
<status status="PASS" start="2025-10-15T17:05:21.526066" elapsed="0.010580"/>
</kw>
<kw name="Get Text" owner="SeleniumLibrary">
<msg time="2025-10-15T17:05:21.543865" level="INFO">${error_message_invalid} = Last name must be at least 2 characters.</msg>
<var>${error_message_invalid}</var>
<arg>${Elm_message}</arg>
<doc>Returns the text value of the element identified by ``locator``.</doc>
<status status="PASS" start="2025-10-15T17:05:21.536879" elapsed="0.007114"/>
</kw>
<kw name="Should Be Equal As Strings" owner="BuiltIn">
<arg>${error_message_invalid}</arg>
<arg>${Expected_message}</arg>
<arg>Validation text successfully -&gt; Expected: '${Expected_message}', Observed: '${error_message_invalid}'</arg>
<doc>Fails if objects are unequal after converting them to strings.</doc>
<status status="PASS" start="2025-10-15T17:05:21.544168" elapsed="0.000281"/>
</kw>
<kw name="Set Test Message" owner="BuiltIn">
<msg time="2025-10-15T17:05:21.544949" level="INFO">Set test message to:
validation error message with 'Last name must be at least 2 characters.'</msg>
<arg>validation error message with '${error_message_invalid}'</arg>
<doc>Sets message for the current test case.</doc>
<status status="PASS" start="2025-10-15T17:05:21.544762" elapsed="0.000333"/>
</kw>
<arg>xpath=//p[normalize-space(text())='Last name must be at least 2 characters.']</arg>
<arg>Last name must be at least 2 characters.</arg>
<status status="PASS" start="2025-10-15T17:05:21.525795" elapsed="0.019405"/>
</kw>
<status status="PASS" start="2025-10-15T17:05:21.525508" elapsed="0.019775"/>
</kw>
<doc>Verify validation message for Last Name less than minimum length on Create User form</doc>
<tag>create_user</tag>
<tag>validation</tag>
<status status="PASS" start="2025-10-15T17:05:21.439427" elapsed="0.106436">validation error message with 'Last name must be at least 2 characters.'</status>
</test>
<test id="s1-t8" name="Check validation max Last Name error on Create User Page" line="98">
<kw name="Given On screen Create User Page">
<kw name="No Operation" owner="BuiltIn">
<doc>Does absolutely nothing.</doc>
<status status="PASS" start="2025-10-15T17:05:21.547731" elapsed="0.000139"/>
</kw>
<status status="PASS" start="2025-10-15T17:05:21.547242" elapsed="0.000720"/>
</kw>
<kw name="When Input Last Name" owner="CreateUserPage">
<kw name="Fill Text Input" owner="Common">
<kw name="Wait Until Element Is Visible" owner="SeleniumLibrary">
<arg>${elm_input}</arg>
<arg>10s</arg>
<doc>Waits until the element ``locator`` is visible.</doc>
<status status="PASS" start="2025-10-15T17:05:21.548629" elapsed="0.008068"/>
</kw>
<kw name="Input Text" owner="SeleniumLibrary">
<msg time="2025-10-15T17:05:21.557182" level="INFO">Typing text 'AAAAAAAAAAAAAAAAAAAAAAAAAAAAAAAAAAAAAAAAAAAAAAAAAAAAAAAAA' into text field '//input[@id='last_name ']'.</msg>
<arg>${elm_input}</arg>
<arg>${text}</arg>
<doc>Types the given ``text`` into the text field identified by ``locator``.</doc>
<status status="PASS" start="2025-10-15T17:05:21.556928" elapsed="0.056810"/>
</kw>
<arg>${LAST_NAME_INPUT}</arg>
<arg>${last_name}</arg>
<status status="PASS" start="2025-10-15T17:05:21.548366" elapsed="0.065618"/>
</kw>
<arg>AAAAAAAAAAAAAAAAAAAAAAAAAAAAAAAAAAAAAAAAAAAAAAAAAAAAAAAAA</arg>
<status status="PASS" start="2025-10-15T17:05:21.548139" elapsed="0.066030"/>
</kw>
<kw name="And Click on Element" owner="Common">
<kw name="Wait Until Element Is Visible" owner="SeleniumLibrary">
<arg>${elm_input}</arg>
<arg>10s</arg>
<doc>Waits until the element ``locator`` is visible.</doc>
<status status="PASS" start="2025-10-15T17:05:21.614858" elapsed="0.007947"/>
</kw>
<kw name="Click Element" owner="SeleniumLibrary">
<msg time="2025-10-15T17:05:21.623294" level="INFO">Clicking element 'xpath=/html/body/div[1]/div/main/div/div/form/button'.</msg>
<arg>${elm_input}</arg>
<doc>Click the element identified by ``locator``.</doc>
<status status="PASS" start="2025-10-15T17:05:21.623055" elapsed="0.027721"/>
</kw>
<arg>${CREATE_USER_SUBMIT}</arg>
<status status="PASS" start="2025-10-15T17:05:21.614506" elapsed="0.036430"/>
</kw>
<kw name="Then Verify Error Message For Max Last Name">
<kw name="Check validation error message" owner="Common">
<kw name="Wait Until Element Is Visible" owner="SeleniumLibrary">
<arg>${Elm_message}</arg>
<arg>15s</arg>
<doc>Waits until the element ``locator`` is visible.</doc>
<status status="PASS" start="2025-10-15T17:05:21.651687" elapsed="0.010661"/>
</kw>
<kw name="Get Text" owner="SeleniumLibrary">
<msg time="2025-10-15T17:05:21.671041" level="INFO">${error_message_invalid} = Last name must be at most 50 characters.</msg>
<var>${error_message_invalid}</var>
<arg>${Elm_message}</arg>
<doc>Returns the text value of the element identified by ``locator``.</doc>
<status status="PASS" start="2025-10-15T17:05:21.662579" elapsed="0.008600"/>
</kw>
<kw name="Should Be Equal As Strings" owner="BuiltIn">
<arg>${error_message_invalid}</arg>
<arg>${Expected_message}</arg>
<arg>Validation text successfully -&gt; Expected: '${Expected_message}', Observed: '${error_message_invalid}'</arg>
<doc>Fails if objects are unequal after converting them to strings.</doc>
<status status="PASS" start="2025-10-15T17:05:21.671364" elapsed="0.000286"/>
</kw>
<kw name="Set Test Message" owner="BuiltIn">
<msg time="2025-10-15T17:05:21.671907" level="INFO">Set test message to:
validation error message with 'Last name must be at most 50 characters.'</msg>
<arg>validation error message with '${error_message_invalid}'</arg>
<doc>Sets message for the current test case.</doc>
<status status="PASS" start="2025-10-15T17:05:21.671775" elapsed="0.000214"/>
</kw>
<arg>xpath=//p[normalize-space(text())='Last name must be at most 50 characters.']</arg>
<arg>Last name must be at most 50 characters.</arg>
<status status="PASS" start="2025-10-15T17:05:21.651418" elapsed="0.020647"/>
</kw>
<status status="PASS" start="2025-10-15T17:05:21.651147" elapsed="0.020993"/>
</kw>
<doc>Verify validation message for Last Name more than maximum length on Create User form</doc>
<tag>create_user</tag>
<tag>validation</tag>
<status status="PASS" start="2025-10-15T17:05:21.546505" elapsed="0.125774">validation error message with 'Last name must be at most 50 characters.'</status>
</test>
<test id="s1-t9" name="Check the system not display validation error message for valid Last Name on Create User Page" line="106">
<kw name="Given On screen Create User Page">
<kw name="No Operation" owner="BuiltIn">
<doc>Does absolutely nothing.</doc>
<status status="PASS" start="2025-10-15T17:05:21.673074" elapsed="0.000099"/>
</kw>
<status status="PASS" start="2025-10-15T17:05:21.672862" elapsed="0.000381"/>
</kw>
<kw name="When Input Last Name" owner="CreateUserPage">
<kw name="Fill Text Input" owner="Common">
<kw name="Wait Until Element Is Visible" owner="SeleniumLibrary">
<arg>${elm_input}</arg>
<arg>10s</arg>
<doc>Waits until the element ``locator`` is visible.</doc>
<status status="PASS" start="2025-10-15T17:05:21.673849" elapsed="0.008857"/>
</kw>
<kw name="Input Text" owner="SeleniumLibrary">
<msg time="2025-10-15T17:05:21.683256" level="INFO">Typing text 'Doe' into text field '//input[@id='last_name ']'.</msg>
<arg>${elm_input}</arg>
<arg>${text}</arg>
<doc>Types the given ``text`` into the text field identified by ``locator``.</doc>
<status status="PASS" start="2025-10-15T17:05:21.682945" elapsed="0.038329"/>
</kw>
<arg>${LAST_NAME_INPUT}</arg>
<arg>${last_name}</arg>
<status status="PASS" start="2025-10-15T17:05:21.673598" elapsed="0.047855"/>
</kw>
<arg>Doe</arg>
<status status="PASS" start="2025-10-15T17:05:21.673384" elapsed="0.048158"/>
</kw>
<kw name="Then Verify No Error Message For Valid Last Name">
<kw name="Page Should Not Contain" owner="SeleniumLibrary">
<msg time="2025-10-15T17:05:21.732346" level="INFO">Current page does not contain text 'xpath=//p[normalize-space(text())='Last name must be at most 50 characters.']'.</msg>
<arg>xpath=//p[normalize-space(text())='Last name must be at most 50 characters.']</arg>
<arg>Last name must be at most 50 characters.</arg>
<doc>Verifies the current page does not contain ``text``.</doc>
<status status="PASS" start="2025-10-15T17:05:21.722522" elapsed="0.010015"/>
</kw>
<status status="PASS" start="2025-10-15T17:05:21.721966" elapsed="0.010684"/>
</kw>
<doc>Verify no validation message for valid Last Name on Create User form</doc>
<tag>create_user</tag>
<tag>validation</tag>
<status status="PASS" start="2025-10-15T17:05:21.672499" elapsed="0.060332"/>
</test>
<test id="s1-t10" name="Check validation invalid Email error on Create User Page" line="120">
<kw name="Given On screen Create User Page">
<kw name="No Operation" owner="BuiltIn">
<doc>Does absolutely nothing.</doc>
<status status="PASS" start="2025-10-15T17:05:21.733898" elapsed="0.000272"/>
</kw>
<status status="PASS" start="2025-10-15T17:05:21.733550" elapsed="0.000842"/>
</kw>
<kw name="When Input Email" owner="CreateUserPage">
<kw name="Fill Text Input" owner="Common">
<kw name="Wait Until Element Is Visible" owner="SeleniumLibrary">
<arg>${elm_input}</arg>
<arg>10s</arg>
<doc>Waits until the element ``locator`` is visible.</doc>
<status status="PASS" start="2025-10-15T17:05:21.735192" elapsed="0.010471"/>
</kw>
<kw name="Input Text" owner="SeleniumLibrary">
<msg time="2025-10-15T17:05:21.746145" level="INFO">Typing text 'invalid.email' into text field '//input[@id='email ']'.</msg>
<arg>${elm_input}</arg>
<arg>${text}</arg>
<doc>Types the given ``text`` into the text field identified by ``locator``.</doc>
<status status="PASS" start="2025-10-15T17:05:21.745890" elapsed="0.037786"/>
</kw>
<arg>${EMAIL_INPUT}</arg>
<arg>${email}</arg>
<status status="PASS" start="2025-10-15T17:05:21.734906" elapsed="0.048935"/>
</kw>
<arg>invalid.email</arg>
<status status="PASS" start="2025-10-15T17:05:21.734609" elapsed="0.049311"/>
</kw>
<kw name="And Click on Element" owner="Common">
<kw name="Wait Until Element Is Visible" owner="SeleniumLibrary">
<arg>${elm_input}</arg>
<arg>10s</arg>
<doc>Waits until the element ``locator`` is visible.</doc>
<status status="PASS" start="2025-10-15T17:05:21.784463" elapsed="0.008879"/>
</kw>
<kw name="Click Element" owner="SeleniumLibrary">
<msg time="2025-10-15T17:05:21.793796" level="INFO">Clicking element 'xpath=/html/body/div[1]/div/main/div/div/form/button'.</msg>
<arg>${elm_input}</arg>
<doc>Click the element identified by ``locator``.</doc>
<status status="PASS" start="2025-10-15T17:05:21.793572" elapsed="0.028066"/>
</kw>
<arg>${CREATE_USER_SUBMIT}</arg>
<status status="PASS" start="2025-10-15T17:05:21.784158" elapsed="0.037644"/>
</kw>
<kw name="Then Verify Error Message For Invalid Email">
<kw name="Check validation error message" owner="Common">
<kw name="Wait Until Element Is Visible" owner="SeleniumLibrary">
<arg>${Elm_message}</arg>
<arg>15s</arg>
<doc>Waits until the element ``locator`` is visible.</doc>
<status status="PASS" start="2025-10-15T17:05:21.822580" elapsed="0.010364"/>
</kw>
<kw name="Get Text" owner="SeleniumLibrary">
<msg time="2025-10-15T17:05:21.840270" level="INFO">${error_message_invalid} = Not a valid email address.</msg>
<var>${error_message_invalid}</var>
<arg>${Elm_message}</arg>
<doc>Returns the text value of the element identified by ``locator``.</doc>
<status status="PASS" start="2025-10-15T17:05:21.833176" elapsed="0.007221"/>
</kw>
<kw name="Should Be Equal As Strings" owner="BuiltIn">
<arg>${error_message_invalid}</arg>
<arg>${Expected_message}</arg>
<arg>Validation text successfully -&gt; Expected: '${Expected_message}', Observed: '${error_message_invalid}'</arg>
<doc>Fails if objects are unequal after converting them to strings.</doc>
<status status="PASS" start="2025-10-15T17:05:21.840667" elapsed="0.000399"/>
</kw>
<kw name="Set Test Message" owner="BuiltIn">
<msg time="2025-10-15T17:05:21.841613" level="INFO">Set test message to:
validation error message with 'Not a valid email address.'</msg>
<arg>validation error message with '${error_message_invalid}'</arg>
<doc>Sets message for the current test case.</doc>
<status status="PASS" start="2025-10-15T17:05:21.841413" elapsed="0.000310"/>
</kw>
<arg>xpath=//p[normalize-space(text())='Not a valid email address.']</arg>
<arg>Not a valid email address.</arg>
<status status="PASS" start="2025-10-15T17:05:21.822289" elapsed="0.019529"/>
</kw>
<status status="PASS" start="2025-10-15T17:05:21.822014" elapsed="0.019901"/>
</kw>
<doc>Verify validation message for invalid Email on Create User form</doc>
<tag>create_user</tag>
<tag>validation</tag>
<status status="PASS" start="2025-10-15T17:05:21.733108" elapsed="0.109193">validation error message with 'Not a valid email address.'</status>
</test>
<test id="s1-t11" name="Check the system not display validation error message for valid Email on Create User Page" line="128">
<kw name="Given On screen Create User Page">
<kw name="No Operation" owner="BuiltIn">
<doc>Does absolutely nothing.</doc>
<status status="PASS" start="2025-10-15T17:05:21.843703" elapsed="0.000123"/>
</kw>
<status status="PASS" start="2025-10-15T17:05:21.843324" elapsed="0.000589"/>
</kw>
<kw name="When Input Email" owner="CreateUserPage">
<kw name="Fill Text Input" owner="Common">
<kw name="Wait Until Element Is Visible" owner="SeleniumLibrary">
<arg>${elm_input}</arg>
<arg>10s</arg>
<doc>Waits until the element ``locator`` is visible.</doc>
<status status="PASS" start="2025-10-15T17:05:21.844576" elapsed="0.009082"/>
</kw>
<kw name="Input Text" owner="SeleniumLibrary">
<msg time="2025-10-15T17:05:21.854311" level="INFO">Typing text 'john@yopmail.com' into text field '//input[@id='email ']'.</msg>
<arg>${elm_input}</arg>
<arg>${text}</arg>
<doc>Types the given ``text`` into the text field identified by ``locator``.</doc>
<status status="PASS" start="2025-10-15T17:05:21.853991" elapsed="0.038453"/>
</kw>
<arg>${EMAIL_INPUT}</arg>
<arg>${email}</arg>
<status status="PASS" start="2025-10-15T17:05:21.844313" elapsed="0.048302"/>
</kw>
<arg>john@yopmail.com</arg>
<status status="PASS" start="2025-10-15T17:05:21.844081" elapsed="0.048620"/>
</kw>
<kw name="Then Verify No Error Message For Valid Email">
<kw name="Page Should Not Contain" owner="SeleniumLibrary">
<msg time="2025-10-15T17:05:21.904209" level="INFO">Current page does not contain text 'xpath=//p[normalize-space(text())='Not a valid email address.']'.</msg>
<arg>xpath=//p[normalize-space(text())='Not a valid email address.']</arg>
<arg>Not a valid email address.</arg>
<doc>Verifies the current page does not contain ``text``.</doc>
<status status="PASS" start="2025-10-15T17:05:21.893424" elapsed="0.010966"/>
</kw>
<status status="PASS" start="2025-10-15T17:05:21.893001" elapsed="0.011499"/>
</kw>
<doc>Verify no validation message for valid Email on Create User form</doc>
<tag>create_user</tag>
<tag>validation</tag>
<status status="PASS" start="2025-10-15T17:05:21.842610" elapsed="0.062046"/>
</test>
<test id="s1-t12" name="Check validation invalid Phone Number error on Create User Page" line="135">
<kw name="Given On screen Create User Page">
<kw name="No Operation" owner="BuiltIn">
<doc>Does absolutely nothing.</doc>
<status status="PASS" start="2025-10-15T17:05:21.905485" elapsed="0.000107"/>
</kw>
<status status="PASS" start="2025-10-15T17:05:21.905262" elapsed="0.000400"/>
</kw>
<kw name="When Input Phone Number" owner="CreateUserPage">
<kw name="Fill Text Input" owner="Common">
<kw name="Wait Until Element Is Visible" owner="SeleniumLibrary">
<arg>${elm_input}</arg>
<arg>10s</arg>
<doc>Waits until the element ``locator`` is visible.</doc>
<status status="PASS" start="2025-10-15T17:05:21.906384" elapsed="0.010773"/>
</kw>
<kw name="Input Text" owner="SeleniumLibrary">
<msg time="2025-10-15T17:05:21.917627" level="INFO">Typing text '456' into text field '//input[@placeholder='Enter phone number']'.</msg>
<arg>${elm_input}</arg>
<arg>${text}</arg>
<doc>Types the given ``text`` into the text field identified by ``locator``.</doc>
<status status="PASS" start="2025-10-15T17:05:21.917381" elapsed="0.079875"/>
</kw>
<arg>${PHONE_INPUT}</arg>
<arg>${phone}</arg>
<status status="PASS" start="2025-10-15T17:05:21.906106" elapsed="0.091323"/>
</kw>
<arg>456</arg>
<status status="PASS" start="2025-10-15T17:05:21.905829" elapsed="0.091679"/>
</kw>
<kw name="And Click on Element" owner="Common">
<kw name="Wait Until Element Is Visible" owner="SeleniumLibrary">
<arg>${elm_input}</arg>
<arg>10s</arg>
<doc>Waits until the element ``locator`` is visible.</doc>
<status status="PASS" start="2025-10-15T17:05:21.998052" elapsed="0.010483"/>
</kw>
<kw name="Click Element" owner="SeleniumLibrary">
<msg time="2025-10-15T17:05:22.008995" level="INFO">Clicking element 'xpath=/html/body/div[1]/div/main/div/div/form/button'.</msg>
<arg>${elm_input}</arg>
<doc>Click the element identified by ``locator``.</doc>
<status status="PASS" start="2025-10-15T17:05:22.008770" elapsed="0.028492"/>
</kw>
<arg>${CREATE_USER_SUBMIT}</arg>
<status status="PASS" start="2025-10-15T17:05:21.997749" elapsed="0.039770"/>
</kw>
<kw name="Then Verify Error Message For Invalid Phone Number">
<kw name="Check validation error message" owner="Common">
<kw name="Wait Until Element Is Visible" owner="SeleniumLibrary">
<arg>${Elm_message}</arg>
<arg>15s</arg>
<doc>Waits until the element ``locator`` is visible.</doc>
<status status="PASS" start="2025-10-15T17:05:22.038376" elapsed="0.010888"/>
</kw>
<kw name="Get Text" owner="SeleniumLibrary">
<msg time="2025-10-15T17:05:22.057127" level="INFO">${error_message_invalid} = Phone number must be 10 characters.</msg>
<var>${error_message_invalid}</var>
<arg>${Elm_message}</arg>
<doc>Returns the text value of the element identified by ``locator``.</doc>
<status status="PASS" start="2025-10-15T17:05:22.049502" elapsed="0.007761"/>
</kw>
<kw name="Should Be Equal As Strings" owner="BuiltIn">
<arg>${error_message_invalid}</arg>
<arg>${Expected_message}</arg>
<arg>Validation text successfully -&gt; Expected: '${Expected_message}', Observed: '${error_message_invalid}'</arg>
<doc>Fails if objects are unequal after converting them to strings.</doc>
<status status="PASS" start="2025-10-15T17:05:22.057446" elapsed="0.000284"/>
</kw>
<kw name="Set Test Message" owner="BuiltIn">
<msg time="2025-10-15T17:05:22.057987" level="INFO">Set test message to:
validation error message with 'Phone number must be 10 characters.'</msg>
<arg>validation error message with '${error_message_invalid}'</arg>
<doc>Sets message for the current test case.</doc>
<status status="PASS" start="2025-10-15T17:05:22.057853" elapsed="0.000216"/>
</kw>
<arg>xpath=//p[normalize-space(text())='Phone number must be 10 characters.']</arg>
<arg>Phone number must be 10 characters.</arg>
<status status="PASS" start="2025-10-15T17:05:22.038082" elapsed="0.020065"/>
</kw>
<status status="PASS" start="2025-10-15T17:05:22.037769" elapsed="0.020448"/>
</kw>
<doc>Verify validation message for invalid Phone Number on Create User form</doc>
<tag>create_user</tag>
<tag>validation</tag>
<status status="PASS" start="2025-10-15T17:05:21.904866" elapsed="0.153490">validation error message with 'Phone number must be 10 characters.'</status>
</test>
<test id="s1-t13" name="Check the system not display validation error message for valid Phone Number on Create User Page" line="143">
<kw name="Given On screen Create User Page">
<kw name="No Operation" owner="BuiltIn">
<doc>Does absolutely nothing.</doc>
<status status="PASS" start="2025-10-15T17:05:22.059118" elapsed="0.000099"/>
</kw>
<status status="PASS" start="2025-10-15T17:05:22.058926" elapsed="0.000360"/>
</kw>
<kw name="When Input Phone Number" owner="CreateUserPage">
<kw name="Fill Text Input" owner="Common">
<kw name="Wait Until Element Is Visible" owner="SeleniumLibrary">
<arg>${elm_input}</arg>
<arg>10s</arg>
<doc>Waits until the element ``locator`` is visible.</doc>
<status status="PASS" start="2025-10-15T17:05:22.059896" elapsed="0.009257"/>
</kw>
<kw name="Input Text" owner="SeleniumLibrary">
<msg time="2025-10-15T17:05:22.069648" level="INFO">Typing text '9977686113' into text field '//input[@placeholder='Enter phone number']'.</msg>
<arg>${elm_input}</arg>
<arg>${text}</arg>
<doc>Types the given ``text`` into the text field identified by ``locator``.</doc>
<status status="PASS" start="2025-10-15T17:05:22.069390" elapsed="0.040702"/>
</kw>
<arg>${PHONE_INPUT}</arg>
<arg>${phone}</arg>
<status status="PASS" start="2025-10-15T17:05:22.059641" elapsed="0.050655"/>
</kw>
<arg>9977686113</arg>
<status status="PASS" start="2025-10-15T17:05:22.059424" elapsed="0.050966"/>
</kw>
<kw name="Then Verify No Error Message For Valid Phone Number">
<kw name="Page Should Not Contain" owner="SeleniumLibrary">
<msg time="2025-10-15T17:05:22.120503" level="INFO">Current page does not contain text 'xpath=//p[normalize-space(text())='Phone number must be 10 characters.']'.</msg>
<arg>xpath=//p[normalize-space(text())='Phone number must be 10 characters.']</arg>
<arg>Phone number must be 10 characters.</arg>
<doc>Verifies the current page does not contain ``text``.</doc>
<status status="PASS" start="2025-10-15T17:05:22.110906" elapsed="0.009872"/>
</kw>
<status status="PASS" start="2025-10-15T17:05:22.110639" elapsed="0.010273"/>
</kw>
<doc>Verify no validation message for valid Phone Number on Create User form</doc>
<tag>create_user</tag>
<tag>validation</tag>
<status status="PASS" start="2025-10-15T17:05:22.058568" elapsed="0.062588"/>
</test>
<test id="s1-t14" name="Check validation min Address error on Create User Page" line="150">
<kw name="Given On screen Create User Page">
<kw name="No Operation" owner="BuiltIn">
<doc>Does absolutely nothing.</doc>
<status status="PASS" start="2025-10-15T17:05:22.122830" elapsed="0.000136"/>
</kw>
<status status="PASS" start="2025-10-15T17:05:22.122555" elapsed="0.000828"/>
</kw>
<kw name="When Input Address" owner="CreateUserPage">
<kw name="Fill Text Input" owner="Common">
<kw name="Wait Until Element Is Visible" owner="SeleniumLibrary">
<arg>${elm_input}</arg>
<arg>10s</arg>
<doc>Waits until the element ``locator`` is visible.</doc>
<status status="PASS" start="2025-10-15T17:05:22.124623" elapsed="0.010484"/>
</kw>
<kw name="Input Text" owner="SeleniumLibrary">
<msg time="2025-10-15T17:05:22.135657" level="INFO">Typing text 'abc' into text field '//input[@placeholder='Enter address']'.</msg>
<arg>${elm_input}</arg>
<arg>${text}</arg>
<doc>Types the given ``text`` into the text field identified by ``locator``.</doc>
<status status="PASS" start="2025-10-15T17:05:22.135388" elapsed="0.034859"/>
</kw>
<arg>${ADDRESS_INPUT}</arg>
<arg>${address}</arg>
<status status="PASS" start="2025-10-15T17:05:22.124338" elapsed="0.046073"/>
</kw>
<arg>abc</arg>
<status status="PASS" start="2025-10-15T17:05:22.123978" elapsed="0.046513"/>
</kw>
<kw name="And Click on Element" owner="Common">
<kw name="Wait Until Element Is Visible" owner="SeleniumLibrary">
<arg>${elm_input}</arg>
<arg>10s</arg>
<doc>Waits until the element ``locator`` is visible.</doc>
<status status="PASS" start="2025-10-15T17:05:22.171022" elapsed="0.009658"/>
</kw>
<kw name="Click Element" owner="SeleniumLibrary">
<msg time="2025-10-15T17:05:22.181133" level="INFO">Clicking element 'xpath=/html/body/div[1]/div/main/div/div/form/button'.</msg>
<arg>${elm_input}</arg>
<doc>Click the element identified by ``locator``.</doc>
<status status="PASS" start="2025-10-15T17:05:22.180910" elapsed="0.027374"/>
</kw>
<arg>${CREATE_USER_SUBMIT}</arg>
<status status="PASS" start="2025-10-15T17:05:22.170723" elapsed="0.037724"/>
</kw>
<kw name="Then Verify Error Message For Min Address">
<kw name="Check validation error message" owner="Common">
<kw name="Wait Until Element Is Visible" owner="SeleniumLibrary">
<arg>${Elm_message}</arg>
<arg>15s</arg>
<doc>Waits until the element ``locator`` is visible.</doc>
<status status="PASS" start="2025-10-15T17:05:22.209216" elapsed="0.011049"/>
</kw>
<kw name="Get Text" owner="SeleniumLibrary">
<msg time="2025-10-15T17:05:22.228527" level="INFO">${error_message_invalid} = Address must be at least 8 characters.</msg>
<var>${error_message_invalid}</var>
<arg>${Elm_message}</arg>
<doc>Returns the text value of the element identified by ``locator``.</doc>
<status status="PASS" start="2025-10-15T17:05:22.220517" elapsed="0.008155"/>
</kw>
<kw name="Should Be Equal As Strings" owner="BuiltIn">
<arg>${error_message_invalid}</arg>
<arg>${Expected_message}</arg>
<arg>Validation text successfully -&gt; Expected: '${Expected_message}', Observed: '${error_message_invalid}'</arg>
<doc>Fails if objects are unequal after converting them to strings.</doc>
<status status="PASS" start="2025-10-15T17:05:22.228874" elapsed="0.000304"/>
</kw>
<kw name="Set Test Message" owner="BuiltIn">
<msg time="2025-10-15T17:05:22.229456" level="INFO">Set test message to:
validation error message with 'Address must be at least 8 characters.'</msg>
<arg>validation error message with '${error_message_invalid}'</arg>
<doc>Sets message for the current test case.</doc>
<status status="PASS" start="2025-10-15T17:05:22.229314" elapsed="0.000231"/>
</kw>
<arg>xpath=//p[normalize-space(text())='Address must be at least 8 characters.']</arg>
<arg>Address must be at least 8 characters.</arg>
<status status="PASS" start="2025-10-15T17:05:22.208939" elapsed="0.020858"/>
</kw>
<status status="PASS" start="2025-10-15T17:05:22.208663" elapsed="0.021388"/>
</kw>
<doc>Verify validation message for Address less than minimum length on Create User form</doc>
<tag>create_user</tag>
<tag>validation</tag>
<status status="PASS" start="2025-10-15T17:05:22.121981" elapsed="0.108438">validation error message with 'Address must be at least 8 characters.'</status>
</test>
<test id="s1-t15" name="Check validation max Address error on Create User Page" line="158">
<kw name="Given On screen Create User Page">
<kw name="No Operation" owner="BuiltIn">
<doc>Does absolutely nothing.</doc>
<status status="PASS" start="2025-10-15T17:05:22.231830" elapsed="0.000114"/>
</kw>
<status status="PASS" start="2025-10-15T17:05:22.231589" elapsed="0.000431"/>
</kw>
<kw name="When Input Address" owner="CreateUserPage">
<kw name="Fill Text Input" owner="Common">
<kw name="Wait Until Element Is Visible" owner="SeleniumLibrary">
<arg>${elm_input}</arg>
<arg>10s</arg>
<doc>Waits until the element ``locator`` is visible.</doc>
<status status="PASS" start="2025-10-15T17:05:22.232660" elapsed="0.009064"/>
</kw>
<kw name="Input Text" owner="SeleniumLibrary">
<msg time="2025-10-15T17:05:22.242279" level="INFO">Typing text 'aadsasdaskljadsnrjansedfjansdjfnadjklsfnalsdnfaklsfmnasknfaklsfjnaksjfaklsdfjaklsfjaklaaaacfascadfsncadfsnjklcfjlnadfjlscncladfjscnafjsklcnjkladfscnjkladfscnadfsjklccnadfsjklcnklafjscnadfsjlnjlcfadsjlnacdfsijlnacdfsnacdfsnjlacdsfjlncafsnjlacfsjlncadfskladfsiuadfsguyguhadfsghjghjhj' into text field '//input[@placeholder='Enter address']'.</msg>
<arg>${elm_input}</arg>
<arg>${text}</arg>
<doc>Types the given ``text`` into the text field identified by ``locator``.</doc>
<status status="PASS" start="2025-10-15T17:05:22.242010" elapsed="0.127833"/>
</kw>
<arg>${ADDRESS_INPUT}</arg>
<arg>${address}</arg>
<status status="PASS" start="2025-10-15T17:05:22.232407" elapsed="0.137606"/>
</kw>
<arg>aadsasdaskljadsnrjansedfjansdjfnadjklsfnalsdnfaklsfmnasknfaklsfjnaksjfaklsdfjaklsfjaklaaaacfascadfsncadfsnjklcfjlnadfjlscncladfjscnafjsklcnjkladfscnjkladfscnadfsjklccnadfsjklcnklafjscnadfsjlnjlcfadsjlnacdfsijlnacdfsnacdfsnjlacdsfjlncafsnjlacfsjlncadfskladfsiuadfsguyguhadfsghjghjhj</arg>
<status status="PASS" start="2025-10-15T17:05:22.232170" elapsed="0.137924"/>
</kw>
<kw name="And Click on Element" owner="Common">
<kw name="Wait Until Element Is Visible" owner="SeleniumLibrary">
<arg>${elm_input}</arg>
<arg>10s</arg>
<doc>Waits until the element ``locator`` is visible.</doc>
<status status="PASS" start="2025-10-15T17:05:22.370635" elapsed="0.008159"/>
</kw>
<kw name="Click Element" owner="SeleniumLibrary">
<msg time="2025-10-15T17:05:22.379257" level="INFO">Clicking element 'xpath=/html/body/div[1]/div/main/div/div/form/button'.</msg>
<arg>${elm_input}</arg>
<doc>Click the element identified by ``locator``.</doc>
<status status="PASS" start="2025-10-15T17:05:22.379035" elapsed="0.024417"/>
</kw>
<arg>${CREATE_USER_SUBMIT}</arg>
<status status="PASS" start="2025-10-15T17:05:22.370338" elapsed="0.033297"/>
</kw>
<kw name="Then Verify Error Message For Max Address">
<kw name="Check validation error message" owner="Common">
<kw name="Wait Until Element Is Visible" owner="SeleniumLibrary">
<arg>${Elm_message}</arg>
<arg>15s</arg>
<doc>Waits until the element ``locator`` is visible.</doc>
<status status="PASS" start="2025-10-15T17:05:22.404497" elapsed="0.009288"/>
</kw>
<kw name="Get Text" owner="SeleniumLibrary">
<msg time="2025-10-15T17:05:22.422030" level="INFO">${error_message_invalid} = Address must be at most 280 characters.</msg>
<var>${error_message_invalid}</var>
<arg>${Elm_message}</arg>
<doc>Returns the text value of the element identified by ``locator``.</doc>
<status status="PASS" start="2025-10-15T17:05:22.414106" elapsed="0.008053"/>
</kw>
<kw name="Should Be Equal As Strings" owner="BuiltIn">
<arg>${error_message_invalid}</arg>
<arg>${Expected_message}</arg>
<arg>Validation text successfully -&gt; Expected: '${Expected_message}', Observed: '${error_message_invalid}'</arg>
<doc>Fails if objects are unequal after converting them to strings.</doc>
<status status="PASS" start="2025-10-15T17:05:22.422339" elapsed="0.000317"/>
</kw>
<kw name="Set Test Message" owner="BuiltIn">
<msg time="2025-10-15T17:05:22.422914" level="INFO">Set test message to:
validation error message with 'Address must be at most 280 characters.'</msg>
<arg>validation error message with '${error_message_invalid}'</arg>
<doc>Sets message for the current test case.</doc>
<status status="PASS" start="2025-10-15T17:05:22.422781" elapsed="0.000216"/>
</kw>
<arg>xpath=//p[normalize-space(text())='Address must be at most 280 characters.']</arg>
<arg>Address must be at most 280 characters.</arg>
<status status="PASS" start="2025-10-15T17:05:22.404226" elapsed="0.018848"/>
</kw>
<status status="PASS" start="2025-10-15T17:05:22.403925" elapsed="0.019219"/>
</kw>
<doc>Verify validation message for Address more than maximum length on Create User form</doc>
<tag>create_user</tag>
<tag>validation</tag>
<status status="PASS" start="2025-10-15T17:05:22.231027" elapsed="0.192251">validation error message with 'Address must be at most 280 characters.'</status>
</test>
<test id="s1-t16" name="Check the system not display validation error message for valid Address on Create User Page" line="166">
<kw name="Given On screen Create User Page">
<kw name="No Operation" owner="BuiltIn">
<doc>Does absolutely nothing.</doc>
<status status="PASS" start="2025-10-15T17:05:22.424082" elapsed="0.000110"/>
</kw>
<status status="PASS" start="2025-10-15T17:05:22.423887" elapsed="0.000374"/>
</kw>
<kw name="When Input Address" owner="CreateUserPage">
<kw name="Fill Text Input" owner="Common">
<kw name="Wait Until Element Is Visible" owner="SeleniumLibrary">
<arg>${elm_input}</arg>
<arg>10s</arg>
<doc>Waits until the element ``locator`` is visible.</doc>
<status status="PASS" start="2025-10-15T17:05:22.425003" elapsed="0.049371"/>
</kw>
<kw name="Input Text" owner="SeleniumLibrary">
<msg time="2025-10-15T17:05:22.475101" level="INFO">Typing text '123 Test Street' into text field '//input[@placeholder='Enter address']'.</msg>
<arg>${elm_input}</arg>
<arg>${text}</arg>
<doc>Types the given ``text`` into the text field identified by ``locator``.</doc>
<status status="PASS" start="2025-10-15T17:05:22.474666" elapsed="0.046513"/>
</kw>
<arg>${ADDRESS_INPUT}</arg>
<arg>${address}</arg>
<status status="PASS" start="2025-10-15T17:05:22.424635" elapsed="0.096793"/>
</kw>
<arg>${VALID_ADDRESS}</arg>
<status status="PASS" start="2025-10-15T17:05:22.424403" elapsed="0.097111"/>
</kw>
<kw name="Then Verify No Error Message For Valid Address">
<kw name="Page Should Not Contain" owner="SeleniumLibrary">
<msg time="2025-10-15T17:05:22.542991" level="INFO">Current page does not contain text 'xpath=//p[normalize-space(text())='Address must be at most 280 characters.']'.</msg>
<arg>xpath=//p[normalize-space(text())='Address must be at most 280 characters.']</arg>
<arg>Address must be at most 280 characters.</arg>
<doc>Verifies the current page does not contain ``text``.</doc>
<status status="PASS" start="2025-10-15T17:05:22.522829" elapsed="0.020337"/>
</kw>
<status status="PASS" start="2025-10-15T17:05:22.522012" elapsed="0.021266"/>
</kw>
<doc>Verify no validation message for valid Address on Create User form</doc>
<tag>create_user</tag>
<tag>validation</tag>
<status status="PASS" start="2025-10-15T17:05:22.423514" elapsed="0.119917"/>
</test>
<test id="s1-t17" name="Check User select role" line="173">
<kw name="Given On screen Create User Page">
<kw name="No Operation" owner="BuiltIn">
<doc>Does absolutely nothing.</doc>
<status status="PASS" start="2025-10-15T17:05:22.544476" elapsed="0.000117"/>
</kw>
<status status="PASS" start="2025-10-15T17:05:22.544204" elapsed="0.000467"/>
</kw>
<kw name="When Select User Role" owner="CreateUserPage">
<kw name="Click on Element" owner="Common">
<kw name="Wait Until Element Is Visible" owner="SeleniumLibrary">
<arg>${elm_input}</arg>
<arg>10s</arg>
<doc>Waits until the element ``locator`` is visible.</doc>
<status status="PASS" start="2025-10-15T17:05:22.545265" elapsed="0.011331"/>
</kw>
<kw name="Click Element" owner="SeleniumLibrary">
<msg time="2025-10-15T17:05:22.557076" level="INFO">Clicking element 'xpath=//select[@aria-hidden='true']/option[@value='8']'.</msg>
<arg>${elm_input}</arg>
<doc>Click the element identified by ``locator``.</doc>
<status status="PASS" start="2025-10-15T17:05:22.556846" elapsed="0.017702"/>
</kw>
<arg>xpath=//select[@aria-hidden='true']/option[@value='8']</arg>
<status status="PASS" start="2025-10-15T17:05:22.545037" elapsed="0.030015"/>
</kw>
<status status="PASS" start="2025-10-15T17:05:22.544821" elapsed="0.030351"/>
</kw>
<doc>Verify user can select role from dropdown</doc>
<tag>create_user</tag>
<tag>validation</tag>
<status status="PASS" start="2025-10-15T17:05:22.543737" elapsed="0.032325"/>
</test>
<test id="s1-t18" name="Check validation min Password error on Create User Page" line="189">
<kw name="Given On screen Create User Page">
<kw name="No Operation" owner="BuiltIn">
<doc>Does absolutely nothing.</doc>
<status status="PASS" start="2025-10-15T17:05:22.577365" elapsed="0.000140"/>
</kw>
<status status="PASS" start="2025-10-15T17:05:22.577093" elapsed="0.000501"/>
</kw>
<kw name="When Input Password Web" owner="CreateUserPage">
<kw name="Fill Text Input" owner="Common">
<kw name="Wait Until Element Is Visible" owner="SeleniumLibrary">
<arg>${elm_input}</arg>
<arg>10s</arg>
<doc>Waits until the element ``locator`` is visible.</doc>
<status status="PASS" start="2025-10-15T17:05:22.578260" elapsed="0.010878"/>
</kw>
<kw name="Input Text" owner="SeleniumLibrary">
<msg time="2025-10-15T17:05:22.589634" level="INFO">Typing text 'AAAAAAA' into text field '//input[@name='password']'.</msg>
<arg>${elm_input}</arg>
<arg>${text}</arg>
<doc>Types the given ``text`` into the text field identified by ``locator``.</doc>
<status status="PASS" start="2025-10-15T17:05:22.589383" elapsed="0.036644"/>
</kw>
<arg>${PASSWORD_INPUT}</arg>
<arg>${password}</arg>
<status status="PASS" start="2025-10-15T17:05:22.577990" elapsed="0.048200"/>
</kw>
<arg>AAAAAAA</arg>
<status status="PASS" start="2025-10-15T17:05:22.577749" elapsed="0.048525"/>
</kw>
<kw name="And Click on Element" owner="Common">
<kw name="Wait Until Element Is Visible" owner="SeleniumLibrary">
<arg>${elm_input}</arg>
<arg>10s</arg>
<doc>Waits until the element ``locator`` is visible.</doc>
<status status="PASS" start="2025-10-15T17:05:22.626789" elapsed="0.008832"/>
</kw>
<kw name="Click Element" owner="SeleniumLibrary">
<msg time="2025-10-15T17:05:22.636151" level="INFO">Clicking element 'xpath=/html/body/div[1]/div/main/div/div/form/button'.</msg>
<arg>${elm_input}</arg>
<doc>Click the element identified by ``locator``.</doc>
<status status="PASS" start="2025-10-15T17:05:22.635858" elapsed="0.028924"/>
</kw>
<arg>xpath=/html/body/div[1]/div/main/div/div/form/button</arg>
<status status="PASS" start="2025-10-15T17:05:22.626502" elapsed="0.038443"/>
</kw>
<kw name="Then Verify Error Message For Min Password">
<kw name="Check validation error message" owner="Common">
<kw name="Wait Until Element Is Visible" owner="SeleniumLibrary">
<arg>${Elm_message}</arg>
<arg>15s</arg>
<doc>Waits until the element ``locator`` is visible.</doc>
<status status="PASS" start="2025-10-15T17:05:22.665686" elapsed="0.010916"/>
</kw>
<kw name="Get Text" owner="SeleniumLibrary">
<msg time="2025-10-15T17:05:22.684865" level="INFO">${error_message_invalid} = Password must be at least 8 characters.</msg>
<var>${error_message_invalid}</var>
<arg>${Elm_message}</arg>
<doc>Returns the text value of the element identified by ``locator``.</doc>
<status status="PASS" start="2025-10-15T17:05:22.676828" elapsed="0.008181"/>
</kw>
<kw name="Should Be Equal As Strings" owner="BuiltIn">
<arg>${error_message_invalid}</arg>
<arg>${Expected_message}</arg>
<arg>Validation text successfully -&gt; Expected: '${Expected_message}', Observed: '${error_message_invalid}'</arg>
<doc>Fails if objects are unequal after converting them to strings.</doc>
<status status="PASS" start="2025-10-15T17:05:22.685192" elapsed="0.000285"/>
</kw>
<kw name="Set Test Message" owner="BuiltIn">
<msg time="2025-10-15T17:05:22.685735" level="INFO">Set test message to:
validation error message with 'Password must be at least 8 characters.'</msg>
<arg>validation error message with '${error_message_invalid}'</arg>
<doc>Sets message for the current test case.</doc>
<status status="PASS" start="2025-10-15T17:05:22.685602" elapsed="0.000217"/>
</kw>
<arg>xpath=//p[normalize-space(text())='Password must be at least 8 characters.']</arg>
<arg>Password must be at least 8 characters.</arg>
<status status="PASS" start="2025-10-15T17:05:22.665431" elapsed="0.020464"/>
</kw>
<status status="PASS" start="2025-10-15T17:05:22.665158" elapsed="0.020808"/>
</kw>
<doc>Verify validation message for Password less than minimum length on Create User form</doc>
<tag>create_user</tag>
<tag>validation</tag>
<status status="PASS" start="2025-10-15T17:05:22.576574" elapsed="0.109527">validation error message with 'Password must be at least 8 characters.'</status>
</test>
<test id="s1-t19" name="Check validation missing uppercase Password error on Create User Page" line="198">
<kw name="Given On screen Create User Page">
<kw name="No Operation" owner="BuiltIn">
<doc>Does absolutely nothing.</doc>
<status status="PASS" start="2025-10-15T17:05:22.686993" elapsed="0.000104"/>
</kw>
<status status="PASS" start="2025-10-15T17:05:22.686788" elapsed="0.000381"/>
</kw>
<kw name="When Input Password Web" owner="CreateUserPage">
<kw name="Fill Text Input" owner="Common">
<kw name="Wait Until Element Is Visible" owner="SeleniumLibrary">
<arg>${elm_input}</arg>
<arg>10s</arg>
<doc>Waits until the element ``locator`` is visible.</doc>
<status status="PASS" start="2025-10-15T17:05:22.687792" elapsed="0.009422"/>
</kw>
<kw name="Input Text" owner="SeleniumLibrary">
<msg time="2025-10-15T17:05:22.697881" level="INFO">Typing text 'abcdefg1!' into text field '//input[@name='password']'.</msg>
<arg>${elm_input}</arg>
<arg>${text}</arg>
<doc>Types the given ``text`` into the text field identified by ``locator``.</doc>
<status status="PASS" start="2025-10-15T17:05:22.697555" elapsed="0.043360"/>
</kw>
<arg>${PASSWORD_INPUT}</arg>
<arg>${password}</arg>
<status status="PASS" start="2025-10-15T17:05:22.687533" elapsed="0.053544"/>
</kw>
<arg>abcdefg1!</arg>
<status status="PASS" start="2025-10-15T17:05:22.687314" elapsed="0.053840"/>
</kw>
<kw name="And Click on Element" owner="Common">
<kw name="Wait Until Element Is Visible" owner="SeleniumLibrary">
<arg>${elm_input}</arg>
<arg>10s</arg>
<doc>Waits until the element ``locator`` is visible.</doc>
<status status="PASS" start="2025-10-15T17:05:22.741680" elapsed="0.008167"/>
</kw>
<kw name="Click Element" owner="SeleniumLibrary">
<msg time="2025-10-15T17:05:22.750308" level="INFO">Clicking element 'xpath=/html/body/div[1]/div/main/div/div/form/button'.</msg>
<arg>${elm_input}</arg>
<doc>Click the element identified by ``locator``.</doc>
<status status="PASS" start="2025-10-15T17:05:22.750084" elapsed="0.026206"/>
</kw>
<arg>${CREATE_USER_SUBMIT}</arg>
<status status="PASS" start="2025-10-15T17:05:22.741382" elapsed="0.035085"/>
</kw>
<kw name="Then Verify Error Message For Missing Uppercase Password">
<kw name="Check validation error message" owner="Common">
<kw name="Wait Until Element Is Visible" owner="SeleniumLibrary">
<arg>${Elm_message}</arg>
<arg>15s</arg>
<doc>Waits until the element ``locator`` is visible.</doc>
<status status="PASS" start="2025-10-15T17:05:22.777213" elapsed="0.009561"/>
</kw>
<kw name="Get Text" owner="SeleniumLibrary">
<msg time="2025-10-15T17:05:22.794856" level="INFO">${error_message_invalid} = Password must contain at least one uppercase letter.</msg>
<var>${error_message_invalid}</var>
<arg>${Elm_message}</arg>
<doc>Returns the text value of the element identified by ``locator``.</doc>
<status status="PASS" start="2025-10-15T17:05:22.787005" elapsed="0.007984"/>
</kw>
<kw name="Should Be Equal As Strings" owner="BuiltIn">
<arg>${error_message_invalid}</arg>
<arg>${Expected_message}</arg>
<arg>Validation text successfully -&gt; Expected: '${Expected_message}', Observed: '${error_message_invalid}'</arg>
<doc>Fails if objects are unequal after converting them to strings.</doc>
<status status="PASS" start="2025-10-15T17:05:22.795305" elapsed="0.000332"/>
</kw>
<kw name="Set Test Message" owner="BuiltIn">
<msg time="2025-10-15T17:05:22.795934" level="INFO">Set test message to:
validation error message with 'Password must contain at least one uppercase letter.'</msg>
<arg>validation error message with '${error_message_invalid}'</arg>
<doc>Sets message for the current test case.</doc>
<status status="PASS" start="2025-10-15T17:05:22.795780" elapsed="0.000252"/>
</kw>
<arg>xpath=//p[normalize-space(text())='Password must contain at least one uppercase letter.']</arg>
<arg>Password must contain at least one uppercase letter.</arg>
<status status="PASS" start="2025-10-15T17:05:22.776959" elapsed="0.019163"/>
</kw>
<status status="PASS" start="2025-10-15T17:05:22.776690" elapsed="0.019512"/>
</kw>
<doc>Verify validation message for Password missing uppercase letter on Create User form</doc>
<tag>create_user</tag>
<tag>validation</tag>
<status status="PASS" start="2025-10-15T17:05:22.686354" elapsed="0.110010">validation error message with 'Password must contain at least one uppercase letter.'</status>
</test>
<test id="s1-t20" name="Check validation missing lowercase Password error on Create User Page" line="206">
<kw name="Given On screen Create User Page">
<kw name="No Operation" owner="BuiltIn">
<doc>Does absolutely nothing.</doc>
<status status="PASS" start="2025-10-15T17:05:22.797265" elapsed="0.000106"/>
</kw>
<status status="PASS" start="2025-10-15T17:05:22.797056" elapsed="0.000388"/>
</kw>
<kw name="When Input Password Web" owner="CreateUserPage">
<kw name="Fill Text Input" owner="Common">
<kw name="Wait Until Element Is Visible" owner="SeleniumLibrary">
<arg>${elm_input}</arg>
<arg>10s</arg>
<doc>Waits until the element ``locator`` is visible.</doc>
<status status="PASS" start="2025-10-15T17:05:22.798071" elapsed="0.010632"/>
</kw>
<kw name="Input Text" owner="SeleniumLibrary">
<msg time="2025-10-15T17:05:22.809187" level="INFO">Typing text 'ABCDEFG1!' into text field '//input[@name='password']'.</msg>
<arg>${elm_input}</arg>
<arg>${text}</arg>
<doc>Types the given ``text`` into the text field identified by ``locator``.</doc>
<status status="PASS" start="2025-10-15T17:05:22.808930" elapsed="0.041696"/>
</kw>
<arg>${PASSWORD_INPUT}</arg>
<arg>${password}</arg>
<status status="PASS" start="2025-10-15T17:05:22.797820" elapsed="0.052980"/>
</kw>
<arg>ABCDEFG1!</arg>
<status status="PASS" start="2025-10-15T17:05:22.797591" elapsed="0.053285"/>
</kw>
<kw name="And Click on Element" owner="Common">
<kw name="Wait Until Element Is Visible" owner="SeleniumLibrary">
<arg>${elm_input}</arg>
<arg>10s</arg>
<doc>Waits until the element ``locator`` is visible.</doc>
<status status="PASS" start="2025-10-15T17:05:22.851398" elapsed="0.009429"/>
</kw>
<kw name="Click Element" owner="SeleniumLibrary">
<msg time="2025-10-15T17:05:22.861288" level="INFO">Clicking element 'xpath=/html/body/div[1]/div/main/div/div/form/button'.</msg>
<arg>${elm_input}</arg>
<doc>Click the element identified by ``locator``.</doc>
<status status="PASS" start="2025-10-15T17:05:22.861062" elapsed="0.026185"/>
</kw>
<arg>${CREATE_USER_SUBMIT}</arg>
<status status="PASS" start="2025-10-15T17:05:22.851106" elapsed="0.036297"/>
</kw>
<kw name="Then Verify Error Message For Missing Lowercase Password">
<kw name="Check validation error message" owner="Common">
<kw name="Wait Until Element Is Visible" owner="SeleniumLibrary">
<arg>${Elm_message}</arg>
<arg>15s</arg>
<doc>Waits until the element ``locator`` is visible.</doc>
<status status="PASS" start="2025-10-15T17:05:22.888124" elapsed="0.024774"/>
</kw>
<kw name="Get Text" owner="SeleniumLibrary">
<msg time="2025-10-15T17:05:22.945115" level="INFO">${error_message_invalid} = Password must contain at least one lowercase letter.</msg>
<var>${error_message_invalid}</var>
<arg>${Elm_message}</arg>
<doc>Returns the text value of the element identified by ``locator``.</doc>
<status status="PASS" start="2025-10-15T17:05:22.913267" elapsed="0.032265"/>
</kw>
<kw name="Should Be Equal As Strings" owner="BuiltIn">
<arg>${error_message_invalid}</arg>
<arg>${Expected_message}</arg>
<arg>Validation text successfully -&gt; Expected: '${Expected_message}', Observed: '${error_message_invalid}'</arg>
<doc>Fails if objects are unequal after converting them to strings.</doc>
<status status="PASS" start="2025-10-15T17:05:22.946096" elapsed="0.001305"/>
</kw>
<kw name="Set Test Message" owner="BuiltIn">
<msg time="2025-10-15T17:05:22.948034" level="INFO">Set test message to:
validation error message with 'Password must contain at least one lowercase letter.'</msg>
<arg>validation error message with '${error_message_invalid}'</arg>
<doc>Sets message for the current test case.</doc>
<status status="PASS" start="2025-10-15T17:05:22.947781" elapsed="0.000384"/>
</kw>
<arg>xpath=//p[normalize-space(text())='Password must contain at least one lowercase letter.']</arg>
<arg>Password must contain at least one lowercase letter.</arg>
<status status="PASS" start="2025-10-15T17:05:22.887870" elapsed="0.060389"/>
</kw>
<status status="PASS" start="2025-10-15T17:05:22.887603" elapsed="0.060734"/>
</kw>
<doc>Verify validation message for Password missing lowercase letter on Create User form</doc>
<tag>create_user</tag>
<tag>validation</tag>
<status status="PASS" start="2025-10-15T17:05:22.796629" elapsed="0.151877">validation error message with 'Password must contain at least one lowercase letter.'</status>
</test>
<test id="s1-t21" name="Check validation missing number Password error on Create User Page" line="214">
<kw name="Given On screen Create User Page">
<kw name="No Operation" owner="BuiltIn">
<doc>Does absolutely nothing.</doc>
<status status="PASS" start="2025-10-15T17:05:22.949878" elapsed="0.000155"/>
</kw>
<status status="PASS" start="2025-10-15T17:05:22.949436" elapsed="0.000741"/>
</kw>
<kw name="When Input Password Web" owner="CreateUserPage">
<kw name="Fill Text Input" owner="Common">
[...]
<arg>${elm_input}</arg>
<arg>10s</arg>
<doc>Waits until the element ``locator`` is visible.</doc>
<status status="PASS" start="2025-10-15T17:05:48.264523" elapsed="0.010601"/>
</kw>
<kw name="Input Text" owner="SeleniumLibrary">
<msg time="2025-10-15T17:05:48.275612" level="INFO">Typing text '123 Test Street' into text field '//input[@placeholder='Enter address']'.</msg>
<arg>${elm_input}</arg>
<arg>${text}</arg>
<doc>Types the given ``text`` into the text field identified by ``locator``.</doc>
<status status="PASS" start="2025-10-15T17:05:48.275355" elapsed="0.036072"/>
</kw>
<arg>${ADDRESS_INPUT}</arg>
<arg>${address}</arg>
<status status="PASS" start="2025-10-15T17:05:48.264192" elapsed="0.047401"/>
</kw>
<arg>${VALID_ADDRESS}</arg>
<status status="PASS" start="2025-10-15T17:05:48.263760" elapsed="0.047911"/>
</kw>
<kw name="Scroll To Bottom" owner="Common">
<kw name="Execute Javascript" owner="SeleniumLibrary">
<msg time="2025-10-15T17:05:48.312459" level="INFO">Executing JavaScript:
window.scrollTo(0, document.body.scrollHeight);
Without any arguments.</msg>
<arg>window.scrollTo(0, document.body.scrollHeight);</arg>
<doc>Executes the given JavaScript code with possible arguments.</doc>
<status status="PASS" start="2025-10-15T17:05:48.312132" elapsed="0.003773"/>
</kw>
<doc>Scroll to the bottom of the page.</doc>
<status status="PASS" start="2025-10-15T17:05:48.311838" elapsed="0.004232"/>
</kw>
<kw name="Select User Role" owner="CreateUserPage">
<kw name="Click on Element" owner="Common">
<kw name="Wait Until Element Is Visible" owner="SeleniumLibrary">
<arg>${elm_input}</arg>
<arg>10s</arg>
<doc>Waits until the element ``locator`` is visible.</doc>
<status status="PASS" start="2025-10-15T17:05:48.316728" elapsed="1.508012"/>
</kw>
<kw name="Click Element" owner="SeleniumLibrary">
<msg time="2025-10-15T17:05:49.825288" level="INFO">Clicking element 'xpath=//select[@aria-hidden='true']/option[@value='8']'.</msg>
<arg>${elm_input}</arg>
<doc>Click the element identified by ``locator``.</doc>
<status status="PASS" start="2025-10-15T17:05:49.825007" elapsed="0.020071"/>
</kw>
<arg>xpath=//select[@aria-hidden='true']/option[@value='8']</arg>
<status status="PASS" start="2025-10-15T17:05:48.316492" elapsed="1.528755"/>
</kw>
<status status="PASS" start="2025-10-15T17:05:48.316238" elapsed="1.529089"/>
</kw>
<kw name="Input Password Web" owner="CreateUserPage">
<kw name="Fill Text Input" owner="Common">
<kw name="Wait Until Element Is Visible" owner="SeleniumLibrary">
<arg>${elm_input}</arg>
<arg>10s</arg>
<doc>Waits until the element ``locator`` is visible.</doc>
<status status="PASS" start="2025-10-15T17:05:49.846360" elapsed="0.010173"/>
</kw>
<kw name="Input Text" owner="SeleniumLibrary">
<msg time="2025-10-15T17:05:49.857016" level="INFO">Typing text 'Test@123' into text field '//input[@name='password']'.</msg>
<arg>${elm_input}</arg>
<arg>${text}</arg>
<doc>Types the given ``text`` into the text field identified by ``locator``.</doc>
<status status="PASS" start="2025-10-15T17:05:49.856757" elapsed="0.036647"/>
</kw>
<arg>${PASSWORD_INPUT}</arg>
<arg>${password}</arg>
<status status="PASS" start="2025-10-15T17:05:49.846026" elapsed="0.047574"/>
</kw>
<arg>${VALID_New_User_PASSWORD}</arg>
<status status="PASS" start="2025-10-15T17:05:49.845498" elapsed="0.048187"/>
</kw>
<kw name="Input Confirm Password" owner="CreateUserPage">
<kw name="Fill Text Input" owner="Common">
<kw name="Wait Until Element Is Visible" owner="SeleniumLibrary">
<arg>${elm_input}</arg>
<arg>10s</arg>
<doc>Waits until the element ``locator`` is visible.</doc>
<status status="PASS" start="2025-10-15T17:05:49.894513" elapsed="0.010095"/>
</kw>
<kw name="Input Text" owner="SeleniumLibrary">
<msg time="2025-10-15T17:05:49.905117" level="INFO">Typing text 'Test@123' into text field '//input[@name='confirm_password']'.</msg>
<arg>${elm_input}</arg>
<arg>${text}</arg>
<doc>Types the given ``text`` into the text field identified by ``locator``.</doc>
<status status="PASS" start="2025-10-15T17:05:49.904847" elapsed="0.037114"/>
</kw>
<arg>${CONFIRM_PASSWORD_INPUT}</arg>
<arg>${password}</arg>
<status status="PASS" start="2025-10-15T17:05:49.894233" elapsed="0.047902"/>
</kw>
<arg>${VALID_CONFIRM_PASSWORD}</arg>
<status status="PASS" start="2025-10-15T17:05:49.893880" elapsed="0.048335"/>
</kw>
<status status="PASS" start="2025-10-15T17:05:47.438007" elapsed="2.504280"/>
</kw>
<kw name="And Click Submit button and wait for response Existing Phone Number" owner="CreateUserPage">
<kw name="Prepare For Request Interception" owner="Common">
<kw name="Get Library Instance" owner="BuiltIn">
<msg time="2025-10-15T17:05:49.943245" level="INFO">${driver} = &lt;SeleniumLibrary.SeleniumLibrary object at 0x104836b80&gt;</msg>
<var>${driver}</var>
<arg>SeleniumLibrary</arg>
<doc>Returns the currently active instance of the specified library.</doc>
<status status="PASS" start="2025-10-15T17:05:49.943076" elapsed="0.000249"/>
</kw>
<kw name="Inject Request Interceptor" owner="Network">
<msg time="2025-10-15T17:05:49.948970" level="INFO">JavaScript interceptor injected for endpoint: api/admin/user/</msg>
<arg>${driver.driver}</arg>
<arg>${endpoint}</arg>
<doc>Inject JavaScript to intercept and log requests to a specific API endpoint.</doc>
<status status="PASS" start="2025-10-15T17:05:49.943448" elapsed="0.006014"/>
</kw>
<return>
<value>${driver}</value>
<status status="PASS" start="2025-10-15T17:05:49.949978" elapsed="0.000270"/>
</return>
<msg time="2025-10-15T17:05:49.950725" level="INFO">${driver} = &lt;SeleniumLibrary.SeleniumLibrary object at 0x104836b80&gt;</msg>
<var>${driver}</var>
<arg>${Create_User_API}</arg>
<status status="PASS" start="2025-10-15T17:05:49.942823" elapsed="0.008143"/>
</kw>
<kw name="Click on Element" owner="Common">
<kw name="Wait Until Element Is Visible" owner="SeleniumLibrary">
<arg>${elm_input}</arg>
<arg>10s</arg>
<doc>Waits until the element ``locator`` is visible.</doc>
<status status="PASS" start="2025-10-15T17:05:49.954596" elapsed="0.051512"/>
</kw>
<kw name="Click Element" owner="SeleniumLibrary">
<msg time="2025-10-15T17:05:50.006909" level="INFO">Clicking element 'xpath=/html/body/div[1]/div/main/div/div/form/button'.</msg>
<arg>${elm_input}</arg>
<doc>Click the element identified by ``locator``.</doc>
<status status="PASS" start="2025-10-15T17:05:50.006615" elapsed="0.033214"/>
</kw>
<arg>xpath=/html/body/div[1]/div/main/div/div/form/button</arg>
<status status="PASS" start="2025-10-15T17:05:49.954149" elapsed="0.085847"/>
</kw>
<kw name="Sleep" owner="BuiltIn">
<msg time="2025-10-15T17:05:52.042763" level="INFO">Slept 2 seconds.</msg>
<arg>2s</arg>
<doc>Pauses the test executed for the given time.</doc>
<status status="PASS" start="2025-10-15T17:05:50.040154" elapsed="2.004019"/>
</kw>
<kw name="Get Request API" owner="Common">
<kw name="Get Intercepted Requests" owner="Network">
<msg time="2025-10-15T17:05:52.064934" level="INFO">Found 1 matching requests</msg>
<msg time="2025-10-15T17:05:52.065430" level="INFO">${requests} = [{'method': 'POST', 'payload': '{"first_name":"Nhut","last_name":"Minh","phone_number":"9977686888","email":"minh1212@yopmail.com","address":"123 Test Street","dob":"2025-11-10","user_id":"School11333...</msg>
<var>${requests}</var>
<arg>${driver.driver}</arg>
<doc>Get intercepted requests matching the given criteria.</doc>
<status status="PASS" start="2025-10-15T17:05:52.047539" elapsed="0.018205"/>
</kw>
<kw name="Run Keyword Unless" owner="BuiltIn">
<msg time="2025-10-15T17:05:52.066428" level="WARN">Keyword 'BuiltIn.Run Keyword Unless' is deprecated. </msg>
<arg>${requests}</arg>
<arg>Fail</arg>
<arg>No intercepted requests found.</arg>
<doc>*DEPRECATED since RF 5.0. Use Native IF/ELSE or `Run Keyword If` instead.*</doc>
<status status="PASS" start="2025-10-15T17:05:52.066152" elapsed="0.001011"/>
</kw>
<kw name="Set Variable" owner="BuiltIn">
<msg time="2025-10-15T17:05:52.070185" level="INFO">${status} = 400</msg>
<var>${status}</var>
<arg>${requests[0]['status']}</arg>
<doc>Returns the given values which can then be assigned to a variables.</doc>
<status status="PASS" start="2025-10-15T17:05:52.067522" elapsed="0.002837"/>
</kw>
<kw name="Set Variable" owner="BuiltIn">
<msg time="2025-10-15T17:05:52.073445" level="INFO">${url} = https://api.panda.ennam.vn/api/admin/user/</msg>
<var>${url}</var>
<arg>${requests[0]['url']}</arg>
<doc>Returns the given values which can then be assigned to a variables.</doc>
<status status="PASS" start="2025-10-15T17:05:52.070669" elapsed="0.002969"/>
</kw>
<kw name="Set Variable" owner="BuiltIn">
<msg time="2025-10-15T17:05:52.076308" level="INFO">${payload} = {"first_name":"Nhut","last_name":"Minh","phone_number":"9977686888","email":"minh1212@yopmail.com","address":"123 Test Street","dob":"2025-11-10","user_id":"School11333","role":"8","generate_password"...</msg>
<var>${payload}</var>
<arg>${requests[0]['payload']}</arg>
<doc>Returns the given values which can then be assigned to a variables.</doc>
<status status="PASS" start="2025-10-15T17:05:52.074042" elapsed="0.002457"/>
</kw>
<kw name="Set Variable" owner="BuiltIn">
<msg time="2025-10-15T17:05:52.079122" level="INFO">${body} = {"success":false,"statusCode":400,"message":"INVALID_INPUT","data":{"phone_number":["VAL117"]}}</msg>
<var>${body}</var>
<arg>${requests[0]['response']}</arg>
<doc>Returns the given values which can then be assigned to a variables.</doc>
<status status="PASS" start="2025-10-15T17:05:52.076785" elapsed="0.002803"/>
</kw>
<kw name="Create Dictionary" owner="BuiltIn">
<msg time="2025-10-15T17:05:52.080837" level="INFO">&amp;{result} = { status=400 | body={"success":false,"statusCode":400,"message":"INVALID_INPUT","data":{"phone_number":["VAL117"]}} | payload={"first_name":"Nhut","last_name":"Minh","phone_number":"9977686888","email...</msg>
<var>&amp;{result}</var>
<arg>status=${status}</arg>
<arg>body=${body}</arg>
<arg>payload=${payload}</arg>
<arg>url=${url}</arg>
<doc>Creates and returns a dictionary based on the given ``items``.</doc>
<status status="PASS" start="2025-10-15T17:05:52.080102" elapsed="0.000919"/>
</kw>
<return>
<value>${result}</value>
<status status="PASS" start="2025-10-15T17:05:52.081184" elapsed="0.000138"/>
</return>
<msg time="2025-10-15T17:05:52.081594" level="INFO">${result} = {'status': 400, 'body': '{"success":false,"statusCode":400,"message":"INVALID_INPUT","data":{"phone_number":["VAL117"]}}', 'payload': '{"first_name":"Nhut","last_name":"Minh","phone_number":"997768688...</msg>
<var>${result}</var>
<arg>${driver}</arg>
<status status="PASS" start="2025-10-15T17:05:52.045802" elapsed="0.035934"/>
</kw>
<kw name="Should Be Equal As Integers" owner="BuiltIn">
<msg time="2025-10-15T17:05:52.084073" level="INFO">Argument types are:
&lt;class 'int'&gt;
&lt;class 'str'&gt;</msg>
<arg>${result.status}</arg>
<arg>${Status_400}</arg>
<doc>Fails if objects are unequal after converting them to integers.</doc>
<status status="PASS" start="2025-10-15T17:05:52.081991" elapsed="0.002243"/>
</kw>
<kw name="Evaluate" owner="BuiltIn">
<msg time="2025-10-15T17:05:52.086609" level="INFO">${request_payload} = {'first_name': 'Nhut', 'last_name': 'Minh', 'phone_number': '9977686888', 'email': 'minh1212@yopmail.com', 'address': '123 Test Street', 'dob': '2025-11-10', 'user_id': 'School11333', 'role': '8', 'ge...</msg>
<var>${request_payload}</var>
<arg>json.loads('''${result.payload}''')</arg>
<arg>json</arg>
<doc>Evaluates the given expression in Python and returns the result.</doc>
<status status="PASS" start="2025-10-15T17:05:52.084456" elapsed="0.002339"/>
</kw>
<kw name="Log" owner="BuiltIn">
<msg time="2025-10-15T17:05:52.087375" level="INFO">{'first_name': 'Nhut', 'last_name': 'Minh', 'phone_number': '9977686888', 'email': 'minh1212@yopmail.com', 'address': '123 Test Street', 'dob': '2025-11-10', 'user_id': 'School11333', 'role': '8', 'generate_password': False, 'is_active': True, 'send_email': True, 'password': 'Test@123', 'confirm_password': 'Test@123', 'language': 'en'}</msg>
<arg>${request_payload}</arg>
<doc>Logs the given message with the given level.</doc>
<status status="PASS" start="2025-10-15T17:05:52.087100" elapsed="0.000432"/>
</kw>
<kw name="Parse Response API" owner="Common">
<kw name="Evaluate" owner="BuiltIn">
<msg time="2025-10-15T17:05:52.090201" level="INFO">${response_json} = {'success': False, 'statusCode': 400, 'message': 'INVALID_INPUT', 'data': {'phone_number': ['VAL117']}}</msg>
<var>${response_json}</var>
<arg>json.loads('''${body}''')</arg>
<arg>json</arg>
<doc>Evaluates the given expression in Python and returns the result.</doc>
<status status="PASS" start="2025-10-15T17:05:52.089815" elapsed="0.000511"/>
</kw>
<kw name="Set Variable" owner="BuiltIn">
<msg time="2025-10-15T17:05:52.092496" level="INFO">${success} = False</msg>
<var>${success}</var>
<arg>${response_json['success']}</arg>
<doc>Returns the given values which can then be assigned to a variables.</doc>
<status status="PASS" start="2025-10-15T17:05:52.090546" elapsed="0.002080"/>
</kw>
<kw name="Set Variable" owner="BuiltIn">
<msg time="2025-10-15T17:05:52.094479" level="INFO">${statusCode} = 400</msg>
<var>${statusCode}</var>
<arg>${response_json['statusCode']}</arg>
<doc>Returns the given values which can then be assigned to a variables.</doc>
<status status="PASS" start="2025-10-15T17:05:52.092854" elapsed="0.001727"/>
</kw>
<kw name="Set Variable" owner="BuiltIn">
<msg time="2025-10-15T17:05:52.096463" level="INFO">${message} = INVALID_INPUT</msg>
<var>${message}</var>
<arg>${response_json['message']}</arg>
<doc>Returns the given values which can then be assigned to a variables.</doc>
<status status="PASS" start="2025-10-15T17:05:52.094772" elapsed="0.001803"/>
</kw>
<kw name="Set Variable" owner="BuiltIn">
<msg time="2025-10-15T17:05:52.098621" level="INFO">${data} = {'phone_number': ['VAL117']}</msg>
<var>${data}</var>
<arg>${response_json['data']}</arg>
<doc>Returns the given values which can then be assigned to a variables.</doc>
<status status="PASS" start="2025-10-15T17:05:52.096782" elapsed="0.001953"/>
</kw>
<kw name="Create Dictionary" owner="BuiltIn">
<msg time="2025-10-15T17:05:52.099432" level="INFO">&amp;{parsed} = { success=False | statusCode=400 | message=INVALID_INPUT | data={'phone_number': ['VAL117']} }</msg>
<var>&amp;{parsed}</var>
<arg>success=${success}</arg>
<arg>statusCode=${statusCode}</arg>
<arg>message=${message}</arg>
<arg>data=${data}</arg>
<doc>Creates and returns a dictionary based on the given ``items``.</doc>
<status status="PASS" start="2025-10-15T17:05:52.098940" elapsed="0.000602"/>
</kw>
<return>
<value>&amp;{parsed}</value>
<status status="PASS" start="2025-10-15T17:05:52.099659" elapsed="0.000103"/>
</return>
<msg time="2025-10-15T17:05:52.099982" level="INFO">&amp;{parsed} = { success=False | statusCode=400 | message=INVALID_INPUT | data={'phone_number': ['VAL117']} }</msg>
<var>&amp;{parsed}</var>
<arg>${result.body}</arg>
<status status="PASS" start="2025-10-15T17:05:52.087818" elapsed="0.012259"/>
</kw>
<kw name="Should Be Equal As Strings" owner="BuiltIn">
<msg time="2025-10-15T17:05:52.101882" level="INFO">Argument types are:
&lt;class 'bool'&gt;
&lt;class 'str'&gt;</msg>
<arg>${parsed.success}</arg>
<arg>${Boolean_False}</arg>
<doc>Fails if objects are unequal after converting them to strings.</doc>
<status status="PASS" start="2025-10-15T17:05:52.100263" elapsed="0.001830"/>
</kw>
<kw name="Should Be Equal As Integers" owner="BuiltIn">
<msg time="2025-10-15T17:05:52.103898" level="INFO">Argument types are:
&lt;class 'int'&gt;
&lt;class 'str'&gt;</msg>
<arg>${parsed.statusCode}</arg>
<arg>${Status_400}</arg>
<doc>Fails if objects are unequal after converting them to integers.</doc>
<status status="PASS" start="2025-10-15T17:05:52.102289" elapsed="0.001730"/>
</kw>
<kw name="Should Be Equal As Strings" owner="BuiltIn">
<arg>${parsed.message}</arg>
<arg>INVALID_INPUT</arg>
<doc>Fails if objects are unequal after converting them to strings.</doc>
<status status="PASS" start="2025-10-15T17:05:52.104189" elapsed="0.001421"/>
</kw>
<kw name="Should Contain" owner="BuiltIn">
<arg>${parsed.data.phone_number}</arg>
<arg>VAL117</arg>
<doc>Fails if ``container`` does not contain ``item`` one or more times.</doc>
<status status="PASS" start="2025-10-15T17:05:52.105791" elapsed="0.001458"/>
</kw>
<kw name="Log" owner="BuiltIn">
<msg time="2025-10-15T17:05:52.107599" level="INFO">{'success': False, 'statusCode': 400, 'message': 'INVALID_INPUT', 'data': {'phone_number': ['VAL117']}}</msg>
<arg>${parsed}</arg>
<doc>Logs the given message with the given level.</doc>
<status status="PASS" start="2025-10-15T17:05:52.107419" elapsed="0.000295"/>
</kw>
<status status="PASS" start="2025-10-15T17:05:49.942543" elapsed="2.165275"/>
</kw>
<kw name="Then Verify Error Message For Existing Phone Number">
<kw name="Check validation error message" owner="Common">
<kw name="Wait Until Element Is Visible" owner="SeleniumLibrary">
<arg>${Elm_message}</arg>
<arg>15s</arg>
<doc>Waits until the element ``locator`` is visible.</doc>
<status status="PASS" start="2025-10-15T17:05:52.108694" elapsed="0.015677"/>
</kw>
<kw name="Get Text" owner="SeleniumLibrary">
<msg time="2025-10-15T17:05:52.136638" level="INFO">${error_message_invalid} = • Phone number already used</msg>
<var>${error_message_invalid}</var>
<arg>${Elm_message}</arg>
<doc>Returns the text value of the element identified by ``locator``.</doc>
<status status="PASS" start="2025-10-15T17:05:52.124702" elapsed="0.012080"/>
</kw>
<kw name="Should Be Equal As Strings" owner="BuiltIn">
<arg>${error_message_invalid}</arg>
<arg>${Expected_message}</arg>
<arg>Validation text successfully -&gt; Expected: '${Expected_message}', Observed: '${error_message_invalid}'</arg>
<doc>Fails if objects are unequal after converting them to strings.</doc>
<status status="PASS" start="2025-10-15T17:05:52.136981" elapsed="0.000306"/>
</kw>
<kw name="Set Test Message" owner="BuiltIn">
<msg time="2025-10-15T17:05:52.137561" level="INFO">Set test message to:
validation error message with '• Phone number already used'</msg>
<arg>validation error message with '${error_message_invalid}'</arg>
<doc>Sets message for the current test case.</doc>
<status status="PASS" start="2025-10-15T17:05:52.137420" elapsed="0.000239"/>
</kw>
<arg>//div[@class="text-sm opacity-90"]</arg>
<arg>• Phone number already used</arg>
<status status="PASS" start="2025-10-15T17:05:52.108358" elapsed="0.029385"/>
</kw>
<status status="PASS" start="2025-10-15T17:05:52.108043" elapsed="0.029776"/>
</kw>
<kw name="Close Browser" owner="SeleniumLibrary" type="TEARDOWN">
<doc>Closes the current browser.</doc>
<status status="PASS" start="2025-10-15T17:05:52.138161" elapsed="0.086920"/>
</kw>
<doc>Verify error message for duplicate information user</doc>
<tag>create_user</tag>
<tag>negative</tag>
<tag>regression</tag>
<status status="PASS" start="2025-10-15T17:05:42.496408" elapsed="9.728858">validation error message with '• Phone number already used'</status>
</test>
<doc>Test cases for Create User functionality</doc>
<status status="PASS" start="2025-10-15T17:05:14.684285" elapsed="37.541505"/>
</suite>
<statistics>
<total>
<stat pass="27" fail="0" skip="0">All Tests</stat>
</total>
<tag>
<stat pass="27" fail="0" skip="0">create_user</stat>
<stat pass="3" fail="0" skip="0">negative</stat>
<stat pass="3" fail="0" skip="0">regression</stat>
<stat pass="24" fail="0" skip="0">validation</stat>
</tag>
<suite>
<stat name="CreateUser" id="s1" pass="27" fail="0" skip="0">CreateUser</stat>
</suite>
</statistics>
<errors>
<msg time="2025-10-15T17:05:33.163336" level="WARN">Keyword 'BuiltIn.Run Keyword Unless' is deprecated. </msg>
<msg time="2025-10-15T17:05:42.345163" level="WARN">Keyword 'BuiltIn.Run Keyword Unless' is deprecated. </msg>
<msg time="2025-10-15T17:05:52.066428" level="WARN">Keyword 'BuiltIn.Run Keyword Unless' is deprecated. </msg>
</errors>
</robot>
